Using pre-set license
Built from '2020.3/staging' branch; Version is '2020.3.0f1 (c7b5465681fb) revision 13088070'; Using compiler version '192528614'; Build Type 'Release'
OS: 'Windows 10 Home; OS build 19043.1237; Version 2009; 64bit' Language: 'en' Physical Memory: 8013 MB
BatchMode: 1, IsHumanControllingUs: 0, StartBugReporterOnCrash: 0, Is64bit: 1, IsPro: 0

 COMMAND LINE ARGUMENTS:
C:\Program Files\Unity\Hub\Editor\2020.3.0f1\Editor\Unity.exe
-adb2
-batchMode
-noUpm
-name
AssetImportWorker0
-projectPath
C:/Users/JUNIT/Documents/GitHub/2D-Beginner/2D- Begginner Tutorial
-logFile
Logs/AssetImportWorker0.log
-srvPort
52807
Successfully changed project path to: C:/Users/JUNIT/Documents/GitHub/2D-Beginner/2D- Begginner Tutorial
C:/Users/JUNIT/Documents/GitHub/2D-Beginner/2D- Begginner Tutorial
Using Asset Import Pipeline V2.
Refreshing native plugins compatible for Editor in 37.02 ms, found 1 plugins.
Preloading 0 native plugins for Editor in 0.00 ms.
Initialize engine version: 2020.3.0f1 (c7b5465681fb)
[Subsystems] Discovering subsystems at path C:/Program Files/Unity/Hub/Editor/2020.3.0f1/Editor/Data/Resources/UnitySubsystems
[Subsystems] Discovering subsystems at path C:/Users/JUNIT/Documents/GitHub/2D-Beginner/2D- Begginner Tutorial/Assets
GfxDevice: creating device client; threaded=0
Direct3D:
    Version:  Direct3D 11.0 [level 11.1]
    Renderer: Intel(R) UHD Graphics 620 (ID=0x3ea0)
    Vendor:   
    VRAM:     4006 MB
    Driver:   27.20.100.8984
Initialize mono
Mono path[0] = 'C:/Program Files/Unity/Hub/Editor/2020.3.0f1/Editor/Data/Managed'
Mono path[1] = 'C:/Program Files/Unity/Hub/Editor/2020.3.0f1/Editor/Data/MonoBleedingEdge/lib/mono/unityjit'
Mono config path = 'C:/Program Files/Unity/Hub/Editor/2020.3.0f1/Editor/Data/MonoBleedingEdge/etc'
Using monoOptions --debugger-agent=transport=dt_socket,embedding=1,server=y,suspend=n,address=127.0.0.1:56544
Begin MonoManager ReloadAssembly
Registering precompiled unity dll's ...
Register platform support module: C:/Program Files/Unity/Hub/Editor/2020.3.0f1/Editor/Data/PlaybackEngines/WindowsStandaloneSupport/UnityEditor.WindowsStandalone.Extensions.dll
Registered in 0.002223 seconds.
Native extension for WindowsStandalone target not found
Refreshing native plugins compatible for Editor in 44.21 ms, found 1 plugins.
Preloading 0 native plugins for Editor in 0.00 ms.
Invoked RoslynAnalysisRunner static constructor.
RoslynAnalysisRunner will not be running.
RoslynAnalysisRunner has terminated.
Mono: successfully reloaded assembly
- Completed reload, in  3.206 seconds
Platform modules already initialized, skipping
Registering precompiled user dll's ...
Registered in 0.001026 seconds.
Begin MonoManager ReloadAssembly
Native extension for WindowsStandalone target not found
Refreshing native plugins compatible for Editor in 38.92 ms, found 1 plugins.
Preloading 0 native plugins for Editor in 0.00 ms.
Invoked RoslynAnalysisRunner static constructor.
RoslynAnalysisRunner will not be running.
RoslynAnalysisRunner has terminated.
Mono: successfully reloaded assembly
- Completed reload, in  1.050 seconds
Platform modules already initialized, skipping
========================================================================
Worker process is ready to serve import requests
Launched and connected shader compiler UnityShaderCompiler.exe after 0.17 seconds
Refreshing native plugins compatible for Editor in 0.91 ms, found 1 plugins.
Preloading 0 native plugins for Editor in 0.00 ms.
Unloading 1809 Unused Serialized files (Serialized files now loaded: 0)
System memory in use before: 84.7 MB.
System memory in use after: 84.6 MB.

Unloading 24 unused Assets to reduce memory usage. Loaded Objects now: 2251.
Total: 6.090100 ms (FindLiveObjects: 0.731200 ms CreateObjectMapping: 0.366600 ms MarkObjects: 4.590500 ms  DeleteObjects: 0.399800 ms)

========================================================================
Received Import Request.
  path: Assets/Scripts/RubyController.cs
  artifactKey: Guid(c2611321ddc7eb04ebfa1c123acd1941) Importer(815301076,1909f56bfc062723c751e8b465ee728b)
Start importing Assets/Scripts/RubyController.cs using Guid(c2611321ddc7eb04ebfa1c123acd1941) Importer(815301076,1909f56bfc062723c751e8b465ee728b)  -> (artifact id: 'f38cc02619ebaead9494c23c12c8ec17') in 0.370130 seconds
  Import took 0.478994 seconds .

========================================================================
Received Import Request.
  Time since last request: 1782.579669 seconds.
  path: Assets/Art
  artifactKey: Guid(7dc92abd333901a43ae8edc459c826d7) Importer(815301076,1909f56bfc062723c751e8b465ee728b)
Start importing Assets/Art using Guid(7dc92abd333901a43ae8edc459c826d7) Importer(815301076,1909f56bfc062723c751e8b465ee728b)  -> (artifact id: '73fb2782f844d104216cc477c950f9f4') in 0.018299 seconds
  Import took 0.025719 seconds .

========================================================================
Received Import Request.
  Time since last request: 25.999851 seconds.
  path: Assets/Art/Tiles
  artifactKey: Guid(78de432872bdec44c96540c2fd4ec261) Importer(815301076,1909f56bfc062723c751e8b465ee728b)
Start importing Assets/Art/Tiles using Guid(78de432872bdec44c96540c2fd4ec261) Importer(815301076,1909f56bfc062723c751e8b465ee728b)  -> (artifact id: 'c2446ffedee8373fccba67d3ee77df8f') in 0.013820 seconds
  Import took 0.018363 seconds .

========================================================================
Received Import Request.
  Time since last request: 0.001387 seconds.
  path: Assets/Art/Tiles
  artifactKey: Guid(78de432872bdec44c96540c2fd4ec261) Importer(815301076,1909f56bfc062723c751e8b465ee728b)
Start importing Assets/Art/Tiles using Guid(78de432872bdec44c96540c2fd4ec261) Importer(815301076,1909f56bfc062723c751e8b465ee728b)  -> (artifact id: 'c2446ffedee8373fccba67d3ee77df8f') in 0.005671 seconds
  Import took 0.011341 seconds .

========================================================================
Received Import Request.
  Time since last request: 445.141031 seconds.
  path: Assets/Art/Tiles/Rectangular Palette.prefab
  artifactKey: Guid(9bc75abcfbd5c054b90a496425440ed4) Importer(815301076,1909f56bfc062723c751e8b465ee728b)
Start importing Assets/Art/Tiles/Rectangular Palette.prefab using Guid(9bc75abcfbd5c054b90a496425440ed4) Importer(815301076,1909f56bfc062723c751e8b465ee728b)  -> (artifact id: '505e8367dba59ed71cddc408965fafab') in 0.068731 seconds
  Import took 0.079537 seconds .

========================================================================
Received Import Request.
  Time since last request: 31.060887 seconds.
  path: Assets/Art/Tiles/FirstTile.prefab
  artifactKey: Guid(4d9d7338a85e5894bb751aa9c2eb7f88) Importer(815301076,1909f56bfc062723c751e8b465ee728b)
Start importing Assets/Art/Tiles/FirstTile.prefab using Guid(4d9d7338a85e5894bb751aa9c2eb7f88) Importer(815301076,1909f56bfc062723c751e8b465ee728b)  -> (artifact id: '3c1bdbad56d4ae6571db546de6007259') in 0.017222 seconds
  Import took 0.024217 seconds .

========================================================================
Received Import Request.
  Time since last request: 230.523331 seconds.
  path: Assets/Art/Sprites/Environmnent/Damageable.png
  artifactKey: Guid(0e15259342e82ee4f813807e5b28c0f3) Importer(815301076,1909f56bfc062723c751e8b465ee728b)
Start importing Assets/Art/Sprites/Environmnent/Damageable.png using Guid(0e15259342e82ee4f813807e5b28c0f3) Importer(815301076,1909f56bfc062723c751e8b465ee728b)  -> (artifact id: '9da840ec14c381e78bfae7639be9386c') in 0.211918 seconds
  Import took 0.220474 seconds .

========================================================================
Received Import Request.
  Time since last request: 0.000284 seconds.
  path: Assets/Art/Sprites/Environmnent/DrainCover.png
  artifactKey: Guid(186979b672303144e9af33f5940487e6) Importer(815301076,1909f56bfc062723c751e8b465ee728b)
Start importing Assets/Art/Sprites/Environmnent/DrainCover.png using Guid(186979b672303144e9af33f5940487e6) Importer(815301076,1909f56bfc062723c751e8b465ee728b)  -> (artifact id: '7c3cc2aa8d6871652dd98f58e336bd69') in 0.049318 seconds
  Import took 0.056957 seconds .

========================================================================
Received Import Request.
  Time since last request: 0.000296 seconds.
  path: Assets/Art/Sprites/Environmnent/FloorBricksToGrassCorner.png
  artifactKey: Guid(2ff4c9799e22f1b4c95766cc11f47530) Importer(815301076,1909f56bfc062723c751e8b465ee728b)
Start importing Assets/Art/Sprites/Environmnent/FloorBricksToGrassCorner.png using Guid(2ff4c9799e22f1b4c95766cc11f47530) Importer(815301076,1909f56bfc062723c751e8b465ee728b)  -> (artifact id: '3b3ae808d22773203dd5eca6c57846de') in 0.039690 seconds
  Import took 0.044607 seconds .

========================================================================
Received Import Request.
  Time since last request: 0.000229 seconds.
  path: Assets/Art/Sprites/Environmnent/TreeBig2.png
  artifactKey: Guid(36d4547ce489e7041990fd8545a07142) Importer(815301076,1909f56bfc062723c751e8b465ee728b)
Start importing Assets/Art/Sprites/Environmnent/TreeBig2.png using Guid(36d4547ce489e7041990fd8545a07142) Importer(815301076,1909f56bfc062723c751e8b465ee728b)  -> (artifact id: 'eee9a8ac2bc9f03cf2583114428ce99c') in 0.040384 seconds
  Import took 0.046248 seconds .

========================================================================
Received Import Request.
  Time since last request: 0.000296 seconds.
  path: Assets/Art/Sprites/Environmnent/TelegraphPost.png
  artifactKey: Guid(28b3c26f6746b7943aa1168e3c52c292) Importer(815301076,1909f56bfc062723c751e8b465ee728b)
Start importing Assets/Art/Sprites/Environmnent/TelegraphPost.png using Guid(28b3c26f6746b7943aa1168e3c52c292) Importer(815301076,1909f56bfc062723c751e8b465ee728b)  -> (artifact id: '7262f7eef5ada7528731b9940c49790a') in 0.032958 seconds
  Import took 0.037941 seconds .

========================================================================
Received Import Request.
  Time since last request: 0.000240 seconds.
  path: Assets/Art/Sprites/Environmnent/TreeBig1.png
  artifactKey: Guid(f0cd5ad89953643408db63f9a8c50027) Importer(815301076,1909f56bfc062723c751e8b465ee728b)
Start importing Assets/Art/Sprites/Environmnent/TreeBig1.png using Guid(f0cd5ad89953643408db63f9a8c50027) Importer(815301076,1909f56bfc062723c751e8b465ee728b)  -> (artifact id: 'daceb4f94db99a56e3d35336b1a18b2c') in 0.039162 seconds
  Import took 0.046214 seconds .

========================================================================
Received Import Request.
  Time since last request: 0.000339 seconds.
  path: Assets/Art/Sprites/Environmnent/FloorGrassToBricksCorner.png
  artifactKey: Guid(df0b6f9e93b65bc4792e6cf7849c5e37) Importer(815301076,1909f56bfc062723c751e8b465ee728b)
Start importing Assets/Art/Sprites/Environmnent/FloorGrassToBricksCorner.png using Guid(df0b6f9e93b65bc4792e6cf7849c5e37) Importer(815301076,1909f56bfc062723c751e8b465ee728b)  -> (artifact id: '5495b4eed210d04c6f7655f11141c002') in 0.033560 seconds
  Import took 0.039663 seconds .

========================================================================
Received Import Request.
  Time since last request: 0.000288 seconds.
  path: Assets/Art/Sprites/Environmnent/FloorWaterRoundCorners.png
  artifactKey: Guid(957383e82ad8601499ca4cac1dd1214a) Importer(815301076,1909f56bfc062723c751e8b465ee728b)
Start importing Assets/Art/Sprites/Environmnent/FloorWaterRoundCorners.png using Guid(957383e82ad8601499ca4cac1dd1214a) Importer(815301076,1909f56bfc062723c751e8b465ee728b)  -> (artifact id: 'db999d485ee8ae325d213fa6b5f89a60') in 0.041686 seconds
  Import took 0.047521 seconds .

========================================================================
Received Import Request.
  Time since last request: 0.000326 seconds.
  path: Assets/Art/Sprites/Environmnent/Mushrooms.png
  artifactKey: Guid(6acbda5bb54c19b4eb60c2674048dac2) Importer(815301076,1909f56bfc062723c751e8b465ee728b)
Start importing Assets/Art/Sprites/Environmnent/Mushrooms.png using Guid(6acbda5bb54c19b4eb60c2674048dac2) Importer(815301076,1909f56bfc062723c751e8b465ee728b)  -> (artifact id: '86a118d506a33327a2455e08dd44a3c7') in 0.031723 seconds
  Import took 0.037508 seconds .

========================================================================
Received Import Request.
  Time since last request: 0.000222 seconds.
  path: Assets/Art/Sprites/Environmnent/House.png
  artifactKey: Guid(f27ebbf5c345352429b99a3dec7ae33e) Importer(815301076,1909f56bfc062723c751e8b465ee728b)
Start importing Assets/Art/Sprites/Environmnent/House.png using Guid(f27ebbf5c345352429b99a3dec7ae33e) Importer(815301076,1909f56bfc062723c751e8b465ee728b)  -> (artifact id: 'ce90b199479d073b05d1b4f74aa98325') in 0.063673 seconds
  Import took 0.069171 seconds .

========================================================================
Received Import Request.
  Time since last request: 0.000391 seconds.
  path: Assets/Art/Sprites/Environmnent/FloorGrassToBricksSquare.png
  artifactKey: Guid(ae39c96545143eb41b1618200a550c81) Importer(815301076,1909f56bfc062723c751e8b465ee728b)
Start importing Assets/Art/Sprites/Environmnent/FloorGrassToBricksSquare.png using Guid(ae39c96545143eb41b1618200a550c81) Importer(815301076,1909f56bfc062723c751e8b465ee728b)  -> (artifact id: 'c6eb06d4e1cd964e8c959dabc4c7bc87') in 0.035204 seconds
  Import took 0.042937 seconds .

========================================================================
Received Import Request.
  Time since last request: 0.000321 seconds.
  path: Assets/Art/Sprites/Environmnent/LotusFlower.png
  artifactKey: Guid(010b5c856073f70428956b10534fd3a6) Importer(815301076,1909f56bfc062723c751e8b465ee728b)
Start importing Assets/Art/Sprites/Environmnent/LotusFlower.png using Guid(010b5c856073f70428956b10534fd3a6) Importer(815301076,1909f56bfc062723c751e8b465ee728b)  -> (artifact id: 'caedd6b79a1c248982ae241a59d73467') in 0.034659 seconds
  Import took 0.039549 seconds .

========================================================================
Received Import Request.
  Time since last request: 0.000517 seconds.
  path: Assets/Art/Sprites/Environmnent/FloorBricksToGrassSquare.png
  artifactKey: Guid(2e6ecdf01ba70e3489b17b3f6525fec2) Importer(815301076,1909f56bfc062723c751e8b465ee728b)
Start importing Assets/Art/Sprites/Environmnent/FloorBricksToGrassSquare.png using Guid(2e6ecdf01ba70e3489b17b3f6525fec2) Importer(815301076,1909f56bfc062723c751e8b465ee728b)  -> (artifact id: 'e05de9c460d9c27661517c123f5375df') in 0.039567 seconds
  Import took 0.045599 seconds .

========================================================================
Received Import Request.
  Time since last request: 0.000310 seconds.
  path: Assets/Art/Sprites/Environmnent/FloorWaterSquareCorners.png
  artifactKey: Guid(56dfe645f43c419458abb426118088e5) Importer(815301076,1909f56bfc062723c751e8b465ee728b)
Start importing Assets/Art/Sprites/Environmnent/FloorWaterSquareCorners.png using Guid(56dfe645f43c419458abb426118088e5) Importer(815301076,1909f56bfc062723c751e8b465ee728b)  -> (artifact id: '31d0c4ab5db7e3b5e68ed9023b25693d') in 0.046542 seconds
  Import took 0.052340 seconds .

========================================================================
Received Import Request.
  Time since last request: 0.000244 seconds.
  path: Assets/Art/Sprites/Environmnent/MetalCube.png
  artifactKey: Guid(b9244d299d06eea4fa3e8b8b6da46af5) Importer(815301076,1909f56bfc062723c751e8b465ee728b)
Start importing Assets/Art/Sprites/Environmnent/MetalCube.png using Guid(b9244d299d06eea4fa3e8b8b6da46af5) Importer(815301076,1909f56bfc062723c751e8b465ee728b)  -> (artifact id: 'ecb502416d001876c30506bab1a04ddf') in 0.039213 seconds
  Import took 0.045600 seconds .

========================================================================
Received Import Request.
  Time since last request: 0.000238 seconds.
  path: Assets/Art/Sprites/Environmnent/GrassSmall.png
  artifactKey: Guid(8f629954bb45aa74a8bf21f8e6b95975) Importer(815301076,1909f56bfc062723c751e8b465ee728b)
Start importing Assets/Art/Sprites/Environmnent/GrassSmall.png using Guid(8f629954bb45aa74a8bf21f8e6b95975) Importer(815301076,1909f56bfc062723c751e8b465ee728b)  -> (artifact id: '37cf87148eb5e5f4695c4d57d77ea36d') in 0.038235 seconds
  Import took 0.043552 seconds .

========================================================================
Received Import Request.
  Time since last request: 0.000534 seconds.
  path: Assets/Art/Sprites/Environmnent/TreeBig3.png
  artifactKey: Guid(1d50d21b43458424aa7759b50224c034) Importer(815301076,1909f56bfc062723c751e8b465ee728b)
Start importing Assets/Art/Sprites/Environmnent/TreeBig3.png using Guid(1d50d21b43458424aa7759b50224c034) Importer(815301076,1909f56bfc062723c751e8b465ee728b)  -> (artifact id: 'a8ccc24421c9f3bd5cdbde54cdc6163b') in 0.035526 seconds
  Import took 0.040967 seconds .

========================================================================
Received Import Request.
  Time since last request: 4.978113 seconds.
  path: Assets/Art/Sprites/UI/CharacterPortrait.png
  artifactKey: Guid(e15de6f8d935253448ee4e7709bd216c) Importer(815301076,1909f56bfc062723c751e8b465ee728b)
Start importing Assets/Art/Sprites/UI/CharacterPortrait.png using Guid(e15de6f8d935253448ee4e7709bd216c) Importer(815301076,1909f56bfc062723c751e8b465ee728b)  -> (artifact id: '387134048cd11a86d6cd4766927ab310') in 0.046999 seconds
  Import took 0.052104 seconds .

========================================================================
Received Import Request.
  Time since last request: 0.000219 seconds.
  path: Assets/Art/Sprites/UI/NPCPortrait.png
  artifactKey: Guid(aa3e0837878604144b973aa396ea7dbd) Importer(815301076,1909f56bfc062723c751e8b465ee728b)
Start importing Assets/Art/Sprites/UI/NPCPortrait.png using Guid(aa3e0837878604144b973aa396ea7dbd) Importer(815301076,1909f56bfc062723c751e8b465ee728b)  -> (artifact id: 'e961d94e3fa2173045e4663b523c2346') in 0.039173 seconds
  Import took 0.043926 seconds .

========================================================================
Received Import Request.
  Time since last request: 0.000276 seconds.
  path: Assets/Art/Sprites/UI/UIDialogueBox.png
  artifactKey: Guid(ce5afa1fa1b1e684098419a8455659b0) Importer(815301076,1909f56bfc062723c751e8b465ee728b)
Start importing Assets/Art/Sprites/UI/UIDialogueBox.png using Guid(ce5afa1fa1b1e684098419a8455659b0) Importer(815301076,1909f56bfc062723c751e8b465ee728b)  -> (artifact id: '88cb88b3ef9d9df56159b23196f171a1') in 0.039706 seconds
  Import took 0.047364 seconds .

========================================================================
Received Import Request.
  Time since last request: 0.000279 seconds.
  path: Assets/Art/Sprites/UI/UIBulletIcon.png
  artifactKey: Guid(ca4761f4dd286db43a54d88ad0eb63ba) Importer(815301076,1909f56bfc062723c751e8b465ee728b)
Start importing Assets/Art/Sprites/UI/UIBulletIcon.png using Guid(ca4761f4dd286db43a54d88ad0eb63ba) Importer(815301076,1909f56bfc062723c751e8b465ee728b)  -> (artifact id: '15b3373b5f5325bf08be7042d817d073') in 0.036093 seconds
  Import took 0.041198 seconds .

========================================================================
Received Import Request.
  Time since last request: 0.000268 seconds.
  path: Assets/Art/Sprites/UI/UIHealthFrame.png
  artifactKey: Guid(94d1f28a5aa0ed94b8d3bd15086f4b63) Importer(815301076,1909f56bfc062723c751e8b465ee728b)
Start importing Assets/Art/Sprites/UI/UIHealthFrame.png using Guid(94d1f28a5aa0ed94b8d3bd15086f4b63) Importer(815301076,1909f56bfc062723c751e8b465ee728b)  -> (artifact id: '98a5f9b351b4ddb64a685f42c2514c5a') in 0.066461 seconds
  Import took 0.071456 seconds .

========================================================================
Received Import Request.
  Time since last request: 0.000282 seconds.
  path: Assets/Art/Sprites/UI/UIHealthBar.png
  artifactKey: Guid(06131b9172a2c144fbb98dd9cb53e741) Importer(815301076,1909f56bfc062723c751e8b465ee728b)
Start importing Assets/Art/Sprites/UI/UIHealthBar.png using Guid(06131b9172a2c144fbb98dd9cb53e741) Importer(815301076,1909f56bfc062723c751e8b465ee728b)  -> (artifact id: 'ba19ec16cdee1d6a19ea74b695b8b797') in 0.043040 seconds
  Import took 0.047868 seconds .

========================================================================
Received Import Request.
  Time since last request: 0.414782 seconds.
  path: Assets/Art/Sprites/VFX/CogBullet.png
  artifactKey: Guid(c3bae526786f11046bdd2a781392a458) Importer(815301076,1909f56bfc062723c751e8b465ee728b)
Start importing Assets/Art/Sprites/VFX/CogBullet.png using Guid(c3bae526786f11046bdd2a781392a458) Importer(815301076,1909f56bfc062723c751e8b465ee728b)  -> (artifact id: 'e77ca3f190fa8216d5fe4971c64fb124') in 0.040537 seconds
  Import took 0.046505 seconds .

========================================================================
Received Import Request.
  Time since last request: 0.000825 seconds.
  path: Assets/Art/Sprites/VFX/CollectibleAmmo.png
  artifactKey: Guid(d5ac0d76f419eaf4b88095579ba3ab35) Importer(815301076,1909f56bfc062723c751e8b465ee728b)
Start importing Assets/Art/Sprites/VFX/CollectibleAmmo.png using Guid(d5ac0d76f419eaf4b88095579ba3ab35) Importer(815301076,1909f56bfc062723c751e8b465ee728b)  -> (artifact id: '8883da4066e48aec1d656c3003a65a48') in 0.036384 seconds
  Import took 0.041847 seconds .

========================================================================
Received Import Request.
  Time since last request: 0.000623 seconds.
  path: Assets/Art/Sprites/VFX/CollectibleHealth.png
  artifactKey: Guid(00e89d1057578a342b22583144a5ee03) Importer(815301076,1909f56bfc062723c751e8b465ee728b)
Start importing Assets/Art/Sprites/VFX/CollectibleHealth.png using Guid(00e89d1057578a342b22583144a5ee03) Importer(815301076,1909f56bfc062723c751e8b465ee728b)  -> (artifact id: '04710903b67000d9e850a61506125e48') in 0.036269 seconds
  Import took 0.040886 seconds .

========================================================================
Received Import Request.
  Time since last request: 0.000284 seconds.
  path: Assets/Art/Sprites/VFX/Shadow.png
  artifactKey: Guid(2473a1005c3459b479fdb52a47447363) Importer(815301076,1909f56bfc062723c751e8b465ee728b)
Start importing Assets/Art/Sprites/VFX/Shadow.png using Guid(2473a1005c3459b479fdb52a47447363) Importer(815301076,1909f56bfc062723c751e8b465ee728b)  -> (artifact id: '4e1b7aab655827639ac6e237e423576b') in 0.032732 seconds
  Import took 0.038230 seconds .

========================================================================
Received Import Request.
  Time since last request: 0.000439 seconds.
  path: Assets/Art/Sprites/VFX/ParticleSpriteAtlas.png
  artifactKey: Guid(bb5bb2f184426a64cac53faa220820f5) Importer(815301076,1909f56bfc062723c751e8b465ee728b)
Start importing Assets/Art/Sprites/VFX/ParticleSpriteAtlas.png using Guid(bb5bb2f184426a64cac53faa220820f5) Importer(815301076,1909f56bfc062723c751e8b465ee728b)  -> (artifact id: '23711ce6dcf365aa920038d3a68c966f') in 0.034925 seconds
  Import took 0.039492 seconds .

========================================================================
Received Import Request.
  Time since last request: 2.044112 seconds.
  path: Assets/Art/Sprites/Environmnent/TreeForeground.png
  artifactKey: Guid(e059f0fb3f4af3e47b60d322bf43a7d6) Importer(815301076,1909f56bfc062723c751e8b465ee728b)
Start importing Assets/Art/Sprites/Environmnent/TreeForeground.png using Guid(e059f0fb3f4af3e47b60d322bf43a7d6) Importer(815301076,1909f56bfc062723c751e8b465ee728b)  -> (artifact id: 'e8e2cd23c971882f1f1e2471337db4e0') in 0.038878 seconds
  Import took 0.043433 seconds .

========================================================================
Received Import Request.
  Time since last request: 0.000253 seconds.
  path: Assets/Art/Sprites/Environmnent/TreeLittle.png
  artifactKey: Guid(87d9eec357f7dc14286677f38287ad9e) Importer(815301076,1909f56bfc062723c751e8b465ee728b)
Start importing Assets/Art/Sprites/Environmnent/TreeLittle.png using Guid(87d9eec357f7dc14286677f38287ad9e) Importer(815301076,1909f56bfc062723c751e8b465ee728b)  -> (artifact id: '074b36a144ddc8047c31f2ae4148ed76') in 0.035012 seconds
  Import took 0.039761 seconds .

========================================================================
Received Import Request.
  Time since last request: 0.000279 seconds.
  path: Assets/Art/Sprites/Environmnent/TreeShadow.png
  artifactKey: Guid(8640aa53d8475c5409471adcb65826a5) Importer(815301076,1909f56bfc062723c751e8b465ee728b)
Start importing Assets/Art/Sprites/Environmnent/TreeShadow.png using Guid(8640aa53d8475c5409471adcb65826a5) Importer(815301076,1909f56bfc062723c751e8b465ee728b)  -> (artifact id: '2ae803ad28de3d79bb6421799f78d198') in 0.034254 seconds
  Import took 0.041350 seconds .

========================================================================
Received Import Request.
  Time since last request: 31.449579 seconds.
  path: Assets/Art/Tiles/Tiles2.png
  artifactKey: Guid(6e5c5653e5d006840ad1da7b418e05c7) Importer(815301076,1909f56bfc062723c751e8b465ee728b)
Start importing Assets/Art/Tiles/Tiles2.png using Guid(6e5c5653e5d006840ad1da7b418e05c7) Importer(815301076,1909f56bfc062723c751e8b465ee728b)  -> (artifact id: 'd609163e2b9e418e8df398a94eb70499') in 0.022059 seconds
  Import took 0.026282 seconds .

========================================================================
Received Import Request.
  Time since last request: 0.003185 seconds.
  path: Assets/Art/Tiles/Tiles2.png
  artifactKey: Guid(6e5c5653e5d006840ad1da7b418e05c7) Importer(815301076,1909f56bfc062723c751e8b465ee728b)
Start importing Assets/Art/Tiles/Tiles2.png using Guid(6e5c5653e5d006840ad1da7b418e05c7) Importer(815301076,1909f56bfc062723c751e8b465ee728b)  -> (artifact id: 'd609163e2b9e418e8df398a94eb70499') in 0.015473 seconds
  Import took 0.021900 seconds .

========================================================================
Received Import Request.
  Time since last request: 169.791988 seconds.
  path: Assets/Art/Tiles/New Terrain Layer.terrainlayer
  artifactKey: Guid(3495afbed40656a4f9cfe3801afd0b77) Importer(815301076,1909f56bfc062723c751e8b465ee728b)
Start importing Assets/Art/Tiles/New Terrain Layer.terrainlayer using Guid(3495afbed40656a4f9cfe3801afd0b77) Importer(815301076,1909f56bfc062723c751e8b465ee728b)  -> (artifact id: '46311ca39e9c1eeec0b16c61c402a0c6') in 0.034150 seconds
  Import took 0.040259 seconds .

========================================================================
Received Import Request.
  Time since last request: 339.691735 seconds.
  path: Assets/Art/Tiles/FirstTile.prefab
  artifactKey: Guid(4d9d7338a85e5894bb751aa9c2eb7f88) Importer(815301076,1909f56bfc062723c751e8b465ee728b)
Start importing Assets/Art/Tiles/FirstTile.prefab using Guid(4d9d7338a85e5894bb751aa9c2eb7f88) Importer(815301076,1909f56bfc062723c751e8b465ee728b)  -> (artifact id: '993d7e8b39e491de756b24f53b82d4ef') in 0.011717 seconds
  Import took 0.017095 seconds .

========================================================================
Received Import Request.
  Time since last request: 41.898439 seconds.
  path: Assets/Art/Tiles/dima-goryainov-dg-crotas-end-ornaments.jpg
  artifactKey: Guid(2f192fd40a6c7c4488adc947724bc810) Importer(815301076,1909f56bfc062723c751e8b465ee728b)
Start importing Assets/Art/Tiles/dima-goryainov-dg-crotas-end-ornaments.jpg using Guid(2f192fd40a6c7c4488adc947724bc810) Importer(815301076,1909f56bfc062723c751e8b465ee728b)  -> (artifact id: '6a2337c53a9962744ebb6f5366cd37b3') in 0.090858 seconds
  Import took 0.102615 seconds .

========================================================================
Received Import Request.
  Time since last request: 0.000375 seconds.
  path: Assets/Art/Tiles/Ref 1.jpg
  artifactKey: Guid(359838450c11c48448c718692c46d87a) Importer(815301076,1909f56bfc062723c751e8b465ee728b)
Start importing Assets/Art/Tiles/Ref 1.jpg using Guid(359838450c11c48448c718692c46d87a) Importer(815301076,1909f56bfc062723c751e8b465ee728b)  -> (artifact id: 'c37a566eb0d41434a2d17b2cba64e306') in 0.053509 seconds
  Import took 0.060954 seconds .

========================================================================
Received Import Request.
  Time since last request: 0.000292 seconds.
  path: Assets/Art/Tiles/IF_YOU_WANNA_GET_UP.mp4
  artifactKey: Guid(8017af4a92defd34b9ef781d3aeea5c5) Importer(815301076,1909f56bfc062723c751e8b465ee728b)
Start importing Assets/Art/Tiles/IF_YOU_WANNA_GET_UP.mp4 using Guid(8017af4a92defd34b9ef781d3aeea5c5) Importer(815301076,1909f56bfc062723c751e8b465ee728b)  -> (artifact id: '5e79bfcaff9f9f1a684adf5009c34c5e') in 0.053183 seconds
  Import took 0.062742 seconds .

========================================================================
Received Import Request.
  Time since last request: 0.000551 seconds.
  path: Assets/Art/Tiles/photoshop drawing.psd
  artifactKey: Guid(024286295c9c8ec40a94746577cbbe03) Importer(815301076,1909f56bfc062723c751e8b465ee728b)
Start importing Assets/Art/Tiles/photoshop drawing.psd using Guid(024286295c9c8ec40a94746577cbbe03) Importer(815301076,1909f56bfc062723c751e8b465ee728b)  -> (artifact id: 'fc2ef27be60f452235b3bb944353f7e8') in 0.081762 seconds
  Import took 0.089736 seconds .

========================================================================
Received Import Request.
  Time since last request: 0.000290 seconds.
  path: Assets/Art/Tiles/photoshop drawing V.2.psd
  artifactKey: Guid(e0cc3b85a9459cf45a5452d73d0d70f1) Importer(815301076,1909f56bfc062723c751e8b465ee728b)
Start importing Assets/Art/Tiles/photoshop drawing V.2.psd using Guid(e0cc3b85a9459cf45a5452d73d0d70f1) Importer(815301076,1909f56bfc062723c751e8b465ee728b)  -> (artifact id: 'b14676a493e7e98a2a603e6897ad880a') in 0.055493 seconds
  Import took 0.064200 seconds .

========================================================================
Received Import Request.
  Time since last request: 0.000246 seconds.
  path: Assets/Art/Tiles/YEYE.jpg
  artifactKey: Guid(c8d2fadde6134d347807bbb64b94c522) Importer(815301076,1909f56bfc062723c751e8b465ee728b)
Start importing Assets/Art/Tiles/YEYE.jpg using Guid(c8d2fadde6134d347807bbb64b94c522) Importer(815301076,1909f56bfc062723c751e8b465ee728b)  -> (artifact id: '17449060cadd757ef8009d76eca2b0eb') in 0.032809 seconds
  Import took 0.039038 seconds .

========================================================================
Received Import Request.
  Time since last request: 0.000274 seconds.
  path: Assets/Art/Tiles/video0 - 2021-10-05T101036.118.mp4
  artifactKey: Guid(a521d32fa4eb6e04da865dbe49f3e31d) Importer(815301076,1909f56bfc062723c751e8b465ee728b)
Start importing Assets/Art/Tiles/video0 - 2021-10-05T101036.118.mp4 using Guid(a521d32fa4eb6e04da865dbe49f3e31d) Importer(815301076,1909f56bfc062723c751e8b465ee728b)  -> (artifact id: '80b61b7f66799a654ea6717eccb8ed5f') in 0.012920 seconds
  Import took 0.018728 seconds .

========================================================================
Received Import Request.
  Time since last request: 16.440051 seconds.
  path: Assets/Art/Tiles/kuadro-0.9.5.exe
  artifactKey: Guid(69f32285eab866a44bf67b36d4c5600b) Importer(815301076,1909f56bfc062723c751e8b465ee728b)
Start importing Assets/Art/Tiles/kuadro-0.9.5.exe using Guid(69f32285eab866a44bf67b36d4c5600b) Importer(815301076,1909f56bfc062723c751e8b465ee728b)  -> (artifact id: 'f05cd550c5e2b3036b61c5d47e2505b0') in 0.018090 seconds
  Import took 0.022319 seconds .

========================================================================
Received Import Request.
  Time since last request: 345.079447 seconds.
  path: Assets/Art/Tiles/Tiles2.png
  artifactKey: Guid(6e5c5653e5d006840ad1da7b418e05c7) Importer(815301076,1909f56bfc062723c751e8b465ee728b)
Start importing Assets/Art/Tiles/Tiles2.png using Guid(6e5c5653e5d006840ad1da7b418e05c7) Importer(815301076,1909f56bfc062723c751e8b465ee728b)  -> (artifact id: 'f75c0e16950ace0200c67d5aed2c6be7') in 0.032385 seconds
  Import took 0.037169 seconds .

========================================================================
Received Import Request.
  Time since last request: 0.002478 seconds.
  path: Assets/Art/Tiles/Tiles2.png
  artifactKey: Guid(6e5c5653e5d006840ad1da7b418e05c7) Importer(815301076,1909f56bfc062723c751e8b465ee728b)
Start importing Assets/Art/Tiles/Tiles2.png using Guid(6e5c5653e5d006840ad1da7b418e05c7) Importer(815301076,1909f56bfc062723c751e8b465ee728b)  -> (artifact id: 'f75c0e16950ace0200c67d5aed2c6be7') in 0.016694 seconds
  Import took 0.025025 seconds .

========================================================================
Received Import Request.
  Time since last request: 92.350871 seconds.
  path: Assets/Art/Tiles/FirstTile.prefab
  artifactKey: Guid(4d9d7338a85e5894bb751aa9c2eb7f88) Importer(815301076,1909f56bfc062723c751e8b465ee728b)
Start importing Assets/Art/Tiles/FirstTile.prefab using Guid(4d9d7338a85e5894bb751aa9c2eb7f88) Importer(815301076,1909f56bfc062723c751e8b465ee728b)  -> (artifact id: 'c572e15bb7f61a2aa612afac62526487') in 0.012146 seconds
  Import took 0.016690 seconds .

========================================================================
Received Import Request.
  Time since last request: 0.000394 seconds.
  path: Assets/Art/Tiles/Tiles2.asset
  artifactKey: Guid(5c7bd7a52f09c4e49acc144d93af9431) Importer(815301076,1909f56bfc062723c751e8b465ee728b)
Start importing Assets/Art/Tiles/Tiles2.asset using Guid(5c7bd7a52f09c4e49acc144d93af9431) Importer(815301076,1909f56bfc062723c751e8b465ee728b)  -> (artifact id: '820da19e1c93e7dfc42842e31befb073') in 0.194705 seconds
  Import took 0.202379 seconds .

========================================================================
Received Import Request.
  Time since last request: 0.000237 seconds.
  path: Assets/Art/Tiles/FirstTile.prefab
  artifactKey: Guid(4d9d7338a85e5894bb751aa9c2eb7f88) Importer(815301076,1909f56bfc062723c751e8b465ee728b)
Start importing Assets/Art/Tiles/FirstTile.prefab using Guid(4d9d7338a85e5894bb751aa9c2eb7f88) Importer(815301076,1909f56bfc062723c751e8b465ee728b)  -> (artifact id: 'c572e15bb7f61a2aa612afac62526487') in 0.010514 seconds
  Import took 0.016616 seconds .

========================================================================
Received Import Request.
  Time since last request: 1215.604974 seconds.
  path: Assets/Art/Sprites/Environmnent/FloorBricksToGrassCorner.png
  artifactKey: Guid(2ff4c9799e22f1b4c95766cc11f47530) Importer(815301076,1909f56bfc062723c751e8b465ee728b)
Start importing Assets/Art/Sprites/Environmnent/FloorBricksToGrassCorner.png using Guid(2ff4c9799e22f1b4c95766cc11f47530) Importer(815301076,1909f56bfc062723c751e8b465ee728b)  -> (artifact id: 'da8fb5ee91d4d48f95eca3c31f35d9f4') in 0.021368 seconds
  Import took 0.027889 seconds .

========================================================================
Received Import Request.
  Time since last request: 9.367181 seconds.
  path: Assets/Art/Sprites/Environmnent/FloorBricksToGrassSquare.png
  artifactKey: Guid(2e6ecdf01ba70e3489b17b3f6525fec2) Importer(815301076,1909f56bfc062723c751e8b465ee728b)
Start importing Assets/Art/Sprites/Environmnent/FloorBricksToGrassSquare.png using Guid(2e6ecdf01ba70e3489b17b3f6525fec2) Importer(815301076,1909f56bfc062723c751e8b465ee728b)  -> (artifact id: 'cc5c5470e91df841f6456afce08d9a7c') in 0.020788 seconds
  Import took 0.026244 seconds .

========================================================================
Received Import Request.
  Time since last request: 6.903726 seconds.
  path: Assets/Art/Sprites/Environmnent/FloorGrassToBricksCorner.png
  artifactKey: Guid(df0b6f9e93b65bc4792e6cf7849c5e37) Importer(815301076,1909f56bfc062723c751e8b465ee728b)
Start importing Assets/Art/Sprites/Environmnent/FloorGrassToBricksCorner.png using Guid(df0b6f9e93b65bc4792e6cf7849c5e37) Importer(815301076,1909f56bfc062723c751e8b465ee728b)  -> (artifact id: 'e76bbe78e95dc6bd419607f8a2520799') in 0.022432 seconds
  Import took 0.027854 seconds .

========================================================================
Received Import Request.
  Time since last request: 8.268810 seconds.
  path: Assets/Art/Sprites/Environmnent/FloorGrassToBricksSquare.png
  artifactKey: Guid(ae39c96545143eb41b1618200a550c81) Importer(815301076,1909f56bfc062723c751e8b465ee728b)
Start importing Assets/Art/Sprites/Environmnent/FloorGrassToBricksSquare.png using Guid(ae39c96545143eb41b1618200a550c81) Importer(815301076,1909f56bfc062723c751e8b465ee728b)  -> (artifact id: '44c4b1123db8f38152e198334cc8268a') in 0.023443 seconds
  Import took 0.028637 seconds .

========================================================================
Received Import Request.
  Time since last request: 7.479197 seconds.
  path: Assets/Art/Sprites/Environmnent/FloorWaterRoundCorners.png
  artifactKey: Guid(957383e82ad8601499ca4cac1dd1214a) Importer(815301076,1909f56bfc062723c751e8b465ee728b)
Start importing Assets/Art/Sprites/Environmnent/FloorWaterRoundCorners.png using Guid(957383e82ad8601499ca4cac1dd1214a) Importer(815301076,1909f56bfc062723c751e8b465ee728b)  -> (artifact id: 'cb0cde47c2fbc77c2dcb397410a5b0f9') in 0.021758 seconds
  Import took 0.026450 seconds .

========================================================================
Received Import Request.
  Time since last request: 11.451591 seconds.
  path: Assets/Art/Sprites/Environmnent/FloorWaterSquareCorners.png
  artifactKey: Guid(56dfe645f43c419458abb426118088e5) Importer(815301076,1909f56bfc062723c751e8b465ee728b)
Start importing Assets/Art/Sprites/Environmnent/FloorWaterSquareCorners.png using Guid(56dfe645f43c419458abb426118088e5) Importer(815301076,1909f56bfc062723c751e8b465ee728b)  -> (artifact id: 'dd5adc3ae71df4bc2b2cb59bfd3e3e18') in 0.025182 seconds
  Import took 0.031851 seconds .

========================================================================
Received Import Request.
  Time since last request: 260.762848 seconds.
  path: Assets/Art/Tiles/FirstTile.prefab
  artifactKey: Guid(4d9d7338a85e5894bb751aa9c2eb7f88) Importer(815301076,1909f56bfc062723c751e8b465ee728b)
Start importing Assets/Art/Tiles/FirstTile.prefab using Guid(4d9d7338a85e5894bb751aa9c2eb7f88) Importer(815301076,1909f56bfc062723c751e8b465ee728b)  -> (artifact id: '9e42bf4770c6468f4496da7cde728e5c') in 0.010950 seconds
  Import took 0.017569 seconds .

========================================================================
Received Import Request.
  Time since last request: 0.000358 seconds.
  path: Assets/Art/Tiles/FloorBricksToGrassCorner.asset
  artifactKey: Guid(0aa35a6566d5eeb4b9d8a5bfc9006014) Importer(815301076,1909f56bfc062723c751e8b465ee728b)
Start importing Assets/Art/Tiles/FloorBricksToGrassCorner.asset using Guid(0aa35a6566d5eeb4b9d8a5bfc9006014) Importer(815301076,1909f56bfc062723c751e8b465ee728b)  -> (artifact id: '50cbc29c06fcdd9819d6743d6027fec8') in 0.020032 seconds
  Import took 0.024250 seconds .

========================================================================
Received Import Request.
  Time since last request: 0.002018 seconds.
  path: Assets/Art/Tiles/FloorBricksToGrassSquare.asset
  artifactKey: Guid(ee8637adb4f87904ea1bf2378251e5d2) Importer(815301076,1909f56bfc062723c751e8b465ee728b)
Start importing Assets/Art/Tiles/FloorBricksToGrassSquare.asset using Guid(ee8637adb4f87904ea1bf2378251e5d2) Importer(815301076,1909f56bfc062723c751e8b465ee728b)  -> (artifact id: '7f5d0b5beac79a61ef84748b97bfc6b2') in 0.016068 seconds
  Import took 0.020796 seconds .

========================================================================
Received Import Request.
  Time since last request: 9.734018 seconds.
  path: Assets/Art/Tiles/FirstTile.prefab
  artifactKey: Guid(4d9d7338a85e5894bb751aa9c2eb7f88) Importer(815301076,1909f56bfc062723c751e8b465ee728b)
Start importing Assets/Art/Tiles/FirstTile.prefab using Guid(4d9d7338a85e5894bb751aa9c2eb7f88) Importer(815301076,1909f56bfc062723c751e8b465ee728b)  -> (artifact id: 'c74b50621237e7a06a9171e395365d00') in 0.006761 seconds
  Import took 0.012763 seconds .

========================================================================
Received Import Request.
  Time since last request: 9.732753 seconds.
  path: Assets/Art/Tiles/FirstTile.prefab
  artifactKey: Guid(4d9d7338a85e5894bb751aa9c2eb7f88) Importer(815301076,1909f56bfc062723c751e8b465ee728b)
Start importing Assets/Art/Tiles/FirstTile.prefab using Guid(4d9d7338a85e5894bb751aa9c2eb7f88) Importer(815301076,1909f56bfc062723c751e8b465ee728b)  -> (artifact id: 'd5f72d3737088a57c6afde420ed46e10') in 0.007618 seconds
  Import took 0.014098 seconds .

========================================================================
Received Import Request.
  Time since last request: 16.186039 seconds.
  path: Assets/Art/Tiles/FirstTile.prefab
  artifactKey: Guid(4d9d7338a85e5894bb751aa9c2eb7f88) Importer(815301076,1909f56bfc062723c751e8b465ee728b)
Start importing Assets/Art/Tiles/FirstTile.prefab using Guid(4d9d7338a85e5894bb751aa9c2eb7f88) Importer(815301076,1909f56bfc062723c751e8b465ee728b)  -> (artifact id: '3c3a4aac96927060254006136c05b68f') in 0.006623 seconds
  Import took 0.011235 seconds .

========================================================================
Received Import Request.
  Time since last request: 371.259920 seconds.
  path: Assets/Art/Tiles/FirstTile.prefab
  artifactKey: Guid(4d9d7338a85e5894bb751aa9c2eb7f88) Importer(815301076,1909f56bfc062723c751e8b465ee728b)
Start importing Assets/Art/Tiles/FirstTile.prefab using Guid(4d9d7338a85e5894bb751aa9c2eb7f88) Importer(815301076,1909f56bfc062723c751e8b465ee728b)  -> (artifact id: 'c91f65f9ae2bbea5c7df4454a7625f51') in 0.020013 seconds
  Import took 0.029187 seconds .

========================================================================
Received Import Request.
  Time since last request: 0.000077 seconds.
  path: Assets/Art/Tiles/FloorWaterRoundCorners.asset
  artifactKey: Guid(937df0f87825c6740a633b2f6fb664e8) Importer(815301076,1909f56bfc062723c751e8b465ee728b)
Start importing Assets/Art/Tiles/FloorWaterRoundCorners.asset using Guid(937df0f87825c6740a633b2f6fb664e8) Importer(815301076,1909f56bfc062723c751e8b465ee728b)  -> (artifact id: '96a169d1c593b0c492211dcb73016668') in 0.024340 seconds
  Import took 0.032370 seconds .

========================================================================
Received Import Request.
  Time since last request: 0.000223 seconds.
  path: Assets/Art/Tiles/FloorWaterSquareCorners.asset
  artifactKey: Guid(ffbb7514c023f6a44a717fd24da00444) Importer(815301076,1909f56bfc062723c751e8b465ee728b)
Start importing Assets/Art/Tiles/FloorWaterSquareCorners.asset using Guid(ffbb7514c023f6a44a717fd24da00444) Importer(815301076,1909f56bfc062723c751e8b465ee728b)  -> (artifact id: 'bacc6e27bee0e4e3f3faf5c378df8d4b') in 0.031674 seconds
  Import took 0.037509 seconds .

========================================================================
Received Import Request.
  Time since last request: 0.000213 seconds.
  path: Assets/Art/Tiles/FloorGrassToBricksSquare.asset
  artifactKey: Guid(f6a53ed4ba394194e9e9b4707d146d5f) Importer(815301076,1909f56bfc062723c751e8b465ee728b)
Start importing Assets/Art/Tiles/FloorGrassToBricksSquare.asset using Guid(f6a53ed4ba394194e9e9b4707d146d5f) Importer(815301076,1909f56bfc062723c751e8b465ee728b)  -> (artifact id: '672ba140c74c7dada0e5256f7907821d') in 0.025982 seconds
  Import took 0.031147 seconds .

========================================================================
Received Import Request.
  Time since last request: 0.000283 seconds.
  path: Assets/Art/Tiles/FloorGrassToBricksCorner.asset
  artifactKey: Guid(9fd1c5988c1ea8e438b6ff689e22817e) Importer(815301076,1909f56bfc062723c751e8b465ee728b)
Start importing Assets/Art/Tiles/FloorGrassToBricksCorner.asset using Guid(9fd1c5988c1ea8e438b6ff689e22817e) Importer(815301076,1909f56bfc062723c751e8b465ee728b)  -> (artifact id: '683e2a9e9747321028372fc1e836d083') in 0.027512 seconds
  Import took 0.032581 seconds .

========================================================================
Received Import Request.
  Time since last request: 49.892987 seconds.
  path: Assets/Scenes
  artifactKey: Guid(08807538f4c0e0247a9a1f1bcb6b0946) Importer(815301076,1909f56bfc062723c751e8b465ee728b)
Start importing Assets/Scenes using Guid(08807538f4c0e0247a9a1f1bcb6b0946) Importer(815301076,1909f56bfc062723c751e8b465ee728b)  -> (artifact id: 'b08d0402f47b05e2546e23c28c8c3c49') in 0.014840 seconds
  Import took 0.019419 seconds .

========================================================================
Received Prepare
Registering precompiled user dll's ...
Registered in 0.001098 seconds.
Begin MonoManager ReloadAssembly
Native extension for WindowsStandalone target not found
Refreshing native plugins compatible for Editor in 0.49 ms, found 1 plugins.
Preloading 0 native plugins for Editor in 0.00 ms.
Invoked RoslynAnalysisRunner static constructor.
RoslynAnalysisRunner will not be running.
RoslynAnalysisRunner has terminated.
Mono: successfully reloaded assembly
- Completed reload, in  1.047 seconds
Platform modules already initialized, skipping
Refreshing native plugins compatible for Editor in 0.53 ms, found 1 plugins.
Preloading 0 native plugins for Editor in 0.00 ms.
Unloading 1804 Unused Serialized files (Serialized files now loaded: 0)
System memory in use before: 88.1 MB.
System memory in use after: 88.1 MB.

Unloading 12 unused Assets to reduce memory usage. Loaded Objects now: 2303.
Total: 2.588200 ms (FindLiveObjects: 0.345000 ms CreateObjectMapping: 0.130600 ms MarkObjects: 1.981100 ms  DeleteObjects: 0.112200 ms)

========================================================================
Received Import Request.
  Time since last request: 12.035537 seconds.
  path: Assets/Scenes/Main Scene.unity
  artifactKey: Guid(3e18c059b84e9c24599aa584920c304b) Importer(815301076,1909f56bfc062723c751e8b465ee728b)
Start importing Assets/Scenes/Main Scene.unity using Guid(3e18c059b84e9c24599aa584920c304b) Importer(815301076,1909f56bfc062723c751e8b465ee728b)  -> (artifact id: 'd15c8388d594d820d11dc58b16bb6ed2') in 0.017352 seconds
  Import took 0.021761 seconds .

========================================================================
Received Import Request.
  Time since last request: 0.000292 seconds.
  path: Assets/Scenes/New Scene.unity
  artifactKey: Guid(0eda662aff5e06b49a54fb434531646e) Importer(815301076,1909f56bfc062723c751e8b465ee728b)
Start importing Assets/Scenes/New Scene.unity using Guid(0eda662aff5e06b49a54fb434531646e) Importer(815301076,1909f56bfc062723c751e8b465ee728b)  -> (artifact id: '20ac5afa63f1d11a35c5df60e98b2cf1') in 0.010826 seconds
  Import took 0.015051 seconds .

========================================================================
Received Prepare
Registering precompiled user dll's ...
Registered in 0.001040 seconds.
Begin MonoManager ReloadAssembly
Native extension for WindowsStandalone target not found
Refreshing native plugins compatible for Editor in 0.39 ms, found 1 plugins.
Preloading 0 native plugins for Editor in 0.00 ms.
Invoked RoslynAnalysisRunner static constructor.
RoslynAnalysisRunner will not be running.
RoslynAnalysisRunner has terminated.
Mono: successfully reloaded assembly
- Completed reload, in  0.954 seconds
Platform modules already initialized, skipping
Refreshing native plugins compatible for Editor in 0.33 ms, found 1 plugins.
Preloading 0 native plugins for Editor in 0.00 ms.
Unloading 1804 Unused Serialized files (Serialized files now loaded: 0)
System memory in use before: 88.1 MB.
System memory in use after: 88.1 MB.

Unloading 12 unused Assets to reduce memory usage. Loaded Objects now: 2307.
Total: 2.488300 ms (FindLiveObjects: 0.148400 ms CreateObjectMapping: 0.052600 ms MarkObjects: 2.123800 ms  DeleteObjects: 0.162200 ms)

========================================================================
Received Prepare
Registering precompiled user dll's ...
Registered in 0.003126 seconds.
Begin MonoManager ReloadAssembly
Native extension for WindowsStandalone target not found
Refreshing native plugins compatible for Editor in 0.36 ms, found 1 plugins.
Preloading 0 native plugins for Editor in 0.00 ms.
Invoked RoslynAnalysisRunner static constructor.
RoslynAnalysisRunner will not be running.
RoslynAnalysisRunner has terminated.
Mono: successfully reloaded assembly
- Completed reload, in  0.938 seconds
Platform modules already initialized, skipping
Refreshing native plugins compatible for Editor in 0.39 ms, found 1 plugins.
Preloading 0 native plugins for Editor in 0.00 ms.
Unloading 1804 Unused Serialized files (Serialized files now loaded: 0)
System memory in use before: 88.2 MB.
System memory in use after: 88.2 MB.

Unloading 12 unused Assets to reduce memory usage. Loaded Objects now: 2311.
Total: 3.415400 ms (FindLiveObjects: 0.146500 ms CreateObjectMapping: 0.048900 ms MarkObjects: 3.108700 ms  DeleteObjects: 0.109400 ms)

========================================================================
Received Import Request.
  Time since last request: 503.698420 seconds.
  path: Assets/Art/Tiles/FirstTile.prefab
  artifactKey: Guid(4d9d7338a85e5894bb751aa9c2eb7f88) Importer(815301076,1909f56bfc062723c751e8b465ee728b)
Start importing Assets/Art/Tiles/FirstTile.prefab using Guid(4d9d7338a85e5894bb751aa9c2eb7f88) Importer(815301076,1909f56bfc062723c751e8b465ee728b)  -> (artifact id: '21804362ca3b9d0d25b144de27d75944') in 0.027500 seconds
  Import took 0.033277 seconds .

========================================================================
Received Import Request.
  Time since last request: 7.003828 seconds.
  path: Assets/Art/Tiles/FirstTile.prefab
  artifactKey: Guid(4d9d7338a85e5894bb751aa9c2eb7f88) Importer(815301076,1909f56bfc062723c751e8b465ee728b)
Start importing Assets/Art/Tiles/FirstTile.prefab using Guid(4d9d7338a85e5894bb751aa9c2eb7f88) Importer(815301076,1909f56bfc062723c751e8b465ee728b)  -> (artifact id: '6cb8f11e79df370503268d0acdebaa49') in 0.006707 seconds
  Import took 0.013640 seconds .

========================================================================
Received Import Request.
  Time since last request: 3.509161 seconds.
  path: Assets/Art/Tiles/FirstTile.prefab
  artifactKey: Guid(4d9d7338a85e5894bb751aa9c2eb7f88) Importer(815301076,1909f56bfc062723c751e8b465ee728b)
Start importing Assets/Art/Tiles/FirstTile.prefab using Guid(4d9d7338a85e5894bb751aa9c2eb7f88) Importer(815301076,1909f56bfc062723c751e8b465ee728b)  -> (artifact id: 'c62a940a807fe1a3e5981e9eed37829c') in 0.008111 seconds
  Import took 0.013235 seconds .

========================================================================
Received Import Request.
  Time since last request: 6.575526 seconds.
  path: Assets/Art/Tiles/FirstTile.prefab
  artifactKey: Guid(4d9d7338a85e5894bb751aa9c2eb7f88) Importer(815301076,1909f56bfc062723c751e8b465ee728b)
Start importing Assets/Art/Tiles/FirstTile.prefab using Guid(4d9d7338a85e5894bb751aa9c2eb7f88) Importer(815301076,1909f56bfc062723c751e8b465ee728b)  -> (artifact id: '0a407de2e10e154c98527830aa3d6df0') in 0.006436 seconds
  Import took 0.012089 seconds .

========================================================================
Received Import Request.
  Time since last request: 62.432944 seconds.
  path: Assets/Art/Tiles/FirstTile.prefab
  artifactKey: Guid(4d9d7338a85e5894bb751aa9c2eb7f88) Importer(815301076,1909f56bfc062723c751e8b465ee728b)
Start importing Assets/Art/Tiles/FirstTile.prefab using Guid(4d9d7338a85e5894bb751aa9c2eb7f88) Importer(815301076,1909f56bfc062723c751e8b465ee728b)  -> (artifact id: '3d45ed366740ede9ca099434206aa75a') in 0.008664 seconds
  Import took 0.021214 seconds .

========================================================================
Received Import Request.
  Time since last request: 0.000240 seconds.
  path: Assets/Art/Tiles/Tiles3.asset
  artifactKey: Guid(6c6b68c358c7a454e9ceb828112ea8a7) Importer(815301076,1909f56bfc062723c751e8b465ee728b)
Start importing Assets/Art/Tiles/Tiles3.asset using Guid(6c6b68c358c7a454e9ceb828112ea8a7) Importer(815301076,1909f56bfc062723c751e8b465ee728b)  -> (artifact id: 'ac54ccee3bf11603a64f218da3d353fb') in 0.080550 seconds
  Import took 0.085058 seconds .

========================================================================
Received Import Request.
  Time since last request: 97.482697 seconds.
  path: Assets/Art/Tiles/FirstTile.prefab
  artifactKey: Guid(4d9d7338a85e5894bb751aa9c2eb7f88) Importer(815301076,1909f56bfc062723c751e8b465ee728b)
Start importing Assets/Art/Tiles/FirstTile.prefab using Guid(4d9d7338a85e5894bb751aa9c2eb7f88) Importer(815301076,1909f56bfc062723c751e8b465ee728b)  -> (artifact id: '2b2654978aa687023e36dd5a24c0f29f') in 0.011165 seconds
  Import took 0.019921 seconds .

========================================================================
Received Import Request.
  Time since last request: 0.000080 seconds.
  path: Assets/Art/Tiles/Tile.asset
  artifactKey: Guid(8c7c67006ed80ec45b8fd566f6133810) Importer(815301076,1909f56bfc062723c751e8b465ee728b)
Start importing Assets/Art/Tiles/Tile.asset using Guid(8c7c67006ed80ec45b8fd566f6133810) Importer(815301076,1909f56bfc062723c751e8b465ee728b)  -> (artifact id: '8979be82f5a3f2e3ddbb963493a1b2b5') in 0.033999 seconds
  Import took 0.042862 seconds .

========================================================================
Received Import Request.
  Time since last request: 434.335204 seconds.
  path: Assets/Art/Sprites/Environmnent/FloorWaterRoundCorners.png
  artifactKey: Guid(957383e82ad8601499ca4cac1dd1214a) Importer(815301076,1909f56bfc062723c751e8b465ee728b)
Start importing Assets/Art/Sprites/Environmnent/FloorWaterRoundCorners.png using Guid(957383e82ad8601499ca4cac1dd1214a) Importer(815301076,1909f56bfc062723c751e8b465ee728b)  -> (artifact id: 'd930a787a6012a7e15523834a624b36b') in 0.055168 seconds
  Import took 0.061263 seconds .

========================================================================
Received Import Request.
  Time since last request: 209.733003 seconds.
  path: Assets/Art/Sprites/Environmnent/FloorWaterRoundCorners.png
  artifactKey: Guid(957383e82ad8601499ca4cac1dd1214a) Importer(815301076,1909f56bfc062723c751e8b465ee728b)
Start importing Assets/Art/Sprites/Environmnent/FloorWaterRoundCorners.png using Guid(957383e82ad8601499ca4cac1dd1214a) Importer(815301076,1909f56bfc062723c751e8b465ee728b)  -> (artifact id: '94a1d7bbf406260e3523673848276f74') in 0.024441 seconds
  Import took 0.030358 seconds .

========================================================================
Received Import Request.
  Time since last request: 746.577476 seconds.
  path: Assets/Audio/2D MUSIC LOOP.wav
  artifactKey: Guid(e406c04157c663a43b859646b7ad3c2a) Importer(815301076,1909f56bfc062723c751e8b465ee728b)
Start importing Assets/Audio/2D MUSIC LOOP.wav using Guid(e406c04157c663a43b859646b7ad3c2a) Importer(815301076,1909f56bfc062723c751e8b465ee728b)  -> (artifact id: 'bf4ce4db4b51e924bc06839aabeb598b') in 0.144303 seconds
  Import took 0.151347 seconds .

========================================================================
Received Import Request.
  Time since last request: 0.000349 seconds.
  path: Assets/Audio/Hit for enemy 2.wav
  artifactKey: Guid(709a835b61b848644946696fdd5e5a4d) Importer(815301076,1909f56bfc062723c751e8b465ee728b)
Start importing Assets/Audio/Hit for enemy 2.wav using Guid(709a835b61b848644946696fdd5e5a4d) Importer(815301076,1909f56bfc062723c751e8b465ee728b)  -> (artifact id: '85e5c9c5fcc2bec2eb483ea3ac9e9d30') in 0.032063 seconds
  Import took 0.036531 seconds .

========================================================================
Received Import Request.
  Time since last request: 0.000300 seconds.
  path: Assets/Audio/Hit for enemy 1.wav
  artifactKey: Guid(ae904c7305df7344d86b2092c0cb3a26) Importer(815301076,1909f56bfc062723c751e8b465ee728b)
Start importing Assets/Audio/Hit for enemy 1.wav using Guid(ae904c7305df7344d86b2092c0cb3a26) Importer(815301076,1909f56bfc062723c751e8b465ee728b)  -> (artifact id: 'e7091e96a7e9b1b1797b98617078368b') in 0.034105 seconds
  Import took 0.038032 seconds .

========================================================================
Received Import Request.
  Time since last request: 0.000621 seconds.
  path: Assets/Audio/Footsteps2a.wav
  artifactKey: Guid(a20c77ecd5de9eb4a98731b45ad84c3e) Importer(815301076,1909f56bfc062723c751e8b465ee728b)
Start importing Assets/Audio/Footsteps2a.wav using Guid(a20c77ecd5de9eb4a98731b45ad84c3e) Importer(815301076,1909f56bfc062723c751e8b465ee728b)  -> (artifact id: '46841145be858188f8e8fc2d9fe85606') in 0.032107 seconds
  Import took 0.035700 seconds .

========================================================================
Received Import Request.
  Time since last request: 0.000303 seconds.
  path: Assets/Audio/Collectable.wav
  artifactKey: Guid(af5f8b64e3f58f24c87ff8f789b04f6c) Importer(815301076,1909f56bfc062723c751e8b465ee728b)
Start importing Assets/Audio/Collectable.wav using Guid(af5f8b64e3f58f24c87ff8f789b04f6c) Importer(815301076,1909f56bfc062723c751e8b465ee728b)  -> (artifact id: '373f4845c4a5b2102bbb849a75335452') in 0.030768 seconds
  Import took 0.033766 seconds .

========================================================================
Received Import Request.
  Time since last request: 0.000260 seconds.
  path: Assets/Audio/Robot Fixed.wav
  artifactKey: Guid(e7fa1971a86d60945bb64585c0ac14d5) Importer(815301076,1909f56bfc062723c751e8b465ee728b)
Start importing Assets/Audio/Robot Fixed.wav using Guid(e7fa1971a86d60945bb64585c0ac14d5) Importer(815301076,1909f56bfc062723c751e8b465ee728b)  -> (artifact id: '1953fc247b039e465d2b77fb50223e39') in 0.029572 seconds
  Import took 0.033681 seconds .

========================================================================
Received Import Request.
  Time since last request: 0.000300 seconds.
  path: Assets/Audio/Player Hit.wav
  artifactKey: Guid(9b1bb1f450b7d444fa4a8019d13519a7) Importer(815301076,1909f56bfc062723c751e8b465ee728b)
Start importing Assets/Audio/Player Hit.wav using Guid(9b1bb1f450b7d444fa4a8019d13519a7) Importer(815301076,1909f56bfc062723c751e8b465ee728b)  -> (artifact id: '5cc8a844402d70e7e186b3abf95b1104') in 0.033204 seconds
  Import took 0.037348 seconds .

========================================================================
Received Import Request.
  Time since last request: 0.000510 seconds.
  path: Assets/Audio/Quest Complete.wav
  artifactKey: Guid(f987bfc0b774d3f4e82dc47e91f78584) Importer(815301076,1909f56bfc062723c751e8b465ee728b)
Start importing Assets/Audio/Quest Complete.wav using Guid(f987bfc0b774d3f4e82dc47e91f78584) Importer(815301076,1909f56bfc062723c751e8b465ee728b)  -> (artifact id: '96015e1829363388a5bced9fa0be1e85') in 0.043606 seconds
  Import took 0.046461 seconds .

========================================================================
Received Import Request.
  Time since last request: 0.000242 seconds.
  path: Assets/Audio/Robot Walking_Broken.wav
  artifactKey: Guid(6bfbad8ffdf387d4e87e8fa07b62f7c1) Importer(815301076,1909f56bfc062723c751e8b465ee728b)
Start importing Assets/Audio/Robot Walking_Broken.wav using Guid(6bfbad8ffdf387d4e87e8fa07b62f7c1) Importer(815301076,1909f56bfc062723c751e8b465ee728b)  -> (artifact id: '7324c94b447ca3ebc692940633678b8e') in 0.042056 seconds
  Import took 0.046026 seconds .

========================================================================
Received Import Request.
  Time since last request: 0.000274 seconds.
  path: Assets/Audio/Throw Cog.wav
  artifactKey: Guid(b2edfd40873655249ba0e01a5cf705be) Importer(815301076,1909f56bfc062723c751e8b465ee728b)
Start importing Assets/Audio/Throw Cog.wav using Guid(b2edfd40873655249ba0e01a5cf705be) Importer(815301076,1909f56bfc062723c751e8b465ee728b)  -> (artifact id: 'c4c5b7843ba335cf9f54d5ad3ca20216') in 0.032463 seconds
  Import took 0.036840 seconds .

========================================================================
Received Import Request.
  Time since last request: 0.000260 seconds.
  path: Assets/Audio/Robot Walking_Broken.wav
  artifactKey: Guid(6bfbad8ffdf387d4e87e8fa07b62f7c1) Importer(815301076,1909f56bfc062723c751e8b465ee728b)
Start importing Assets/Audio/Robot Walking_Broken.wav using Guid(6bfbad8ffdf387d4e87e8fa07b62f7c1) Importer(815301076,1909f56bfc062723c751e8b465ee728b)  -> (artifact id: '7324c94b447ca3ebc692940633678b8e') in 0.014383 seconds
  Import took 0.018190 seconds .

========================================================================
Received Import Request.
  Time since last request: 78.408176 seconds.
  path: Assets/Art/Sprites/Environmnent/FloorWaterRoundCorners.png
  artifactKey: Guid(957383e82ad8601499ca4cac1dd1214a) Importer(815301076,1909f56bfc062723c751e8b465ee728b)
Start importing Assets/Art/Sprites/Environmnent/FloorWaterRoundCorners.png using Guid(957383e82ad8601499ca4cac1dd1214a) Importer(815301076,1909f56bfc062723c751e8b465ee728b)  -> (artifact id: '201e01dc60694bc756b830fd480a244e') in 0.020358 seconds
  Import took 0.026329 seconds .

========================================================================
Received Import Request.
  Time since last request: 362.732265 seconds.
  path: Assets/Art/Sprites/Environmnent/FloorWaterRoundCorners.png
  artifactKey: Guid(957383e82ad8601499ca4cac1dd1214a) Importer(815301076,1909f56bfc062723c751e8b465ee728b)
Start importing Assets/Art/Sprites/Environmnent/FloorWaterRoundCorners.png using Guid(957383e82ad8601499ca4cac1dd1214a) Importer(815301076,1909f56bfc062723c751e8b465ee728b)  -> (artifact id: 'ead377898f57d52699bb1abd3bc89a67') in 0.062961 seconds
  Import took 0.070916 seconds .

========================================================================
Received Import Request.
  Time since last request: 121.512987 seconds.
  path: Assets/Art/Tiles/FirstTile.prefab
  artifactKey: Guid(4d9d7338a85e5894bb751aa9c2eb7f88) Importer(815301076,1909f56bfc062723c751e8b465ee728b)
Start importing Assets/Art/Tiles/FirstTile.prefab using Guid(4d9d7338a85e5894bb751aa9c2eb7f88) Importer(815301076,1909f56bfc062723c751e8b465ee728b)  -> (artifact id: '8a3afe74a0063e3b0e61fee73d08c8e5') in 0.060443 seconds
  Import took 0.073930 seconds .

========================================================================
Received Import Request.
  Time since last request: 23.251319 seconds.
  path: Assets/Art/Tiles/FirstTile.prefab
  artifactKey: Guid(4d9d7338a85e5894bb751aa9c2eb7f88) Importer(815301076,1909f56bfc062723c751e8b465ee728b)
Start importing Assets/Art/Tiles/FirstTile.prefab using Guid(4d9d7338a85e5894bb751aa9c2eb7f88) Importer(815301076,1909f56bfc062723c751e8b465ee728b)  -> (artifact id: '2837967f3e5e610bad5e6ac8f915e7c5') in 0.022511 seconds
  Import took 0.030594 seconds .

========================================================================
Received Import Request.
  Time since last request: 91.786367 seconds.
  path: Assets/Art/Tiles/FloorWaterRoundCorners_0.asset
  artifactKey: Guid(70ea1f663279bc24fbe580f57fc84d7c) Importer(815301076,1909f56bfc062723c751e8b465ee728b)
Start importing Assets/Art/Tiles/FloorWaterRoundCorners_0.asset using Guid(70ea1f663279bc24fbe580f57fc84d7c) Importer(815301076,1909f56bfc062723c751e8b465ee728b)  -> (artifact id: '27afbcd8634d2dbaefe6c0922b5314d9') in 0.019535 seconds
  Import took 0.024168 seconds .

========================================================================
Received Import Request.
  Time since last request: 0.000271 seconds.
  path: Assets/Art/Tiles/FloorWaterRoundCorners_4.asset
  artifactKey: Guid(d55670c8cf1375641aa5a7f30c8892b5) Importer(815301076,1909f56bfc062723c751e8b465ee728b)
Start importing Assets/Art/Tiles/FloorWaterRoundCorners_4.asset using Guid(d55670c8cf1375641aa5a7f30c8892b5) Importer(815301076,1909f56bfc062723c751e8b465ee728b)  -> (artifact id: '511609e02bfd242a7372102469f084d6') in 0.033064 seconds
  Import took 0.037377 seconds .

========================================================================
Received Import Request.
  Time since last request: 0.000578 seconds.
  path: Assets/Art/Tiles/FloorWaterRoundCorners_3.asset
  artifactKey: Guid(cd91bdfd63353bf4c9eca6ef8d624b8d) Importer(815301076,1909f56bfc062723c751e8b465ee728b)
Start importing Assets/Art/Tiles/FloorWaterRoundCorners_3.asset using Guid(cd91bdfd63353bf4c9eca6ef8d624b8d) Importer(815301076,1909f56bfc062723c751e8b465ee728b)  -> (artifact id: '15068fa55a6baeebd8ee665418ae65de') in 0.036931 seconds
  Import took 0.042479 seconds .

========================================================================
Received Import Request.
  Time since last request: 0.003123 seconds.
  path: Assets/Art/Tiles/FloorWaterRoundCorners_8.asset
  artifactKey: Guid(ca3ea4589aff77f4a930d51d7f3e9919) Importer(815301076,1909f56bfc062723c751e8b465ee728b)
Start importing Assets/Art/Tiles/FloorWaterRoundCorners_8.asset using Guid(ca3ea4589aff77f4a930d51d7f3e9919) Importer(815301076,1909f56bfc062723c751e8b465ee728b)  -> (artifact id: '9ebd3321cfe1674bf2667b6e7d45641b') in 0.033905 seconds
  Import took 0.042867 seconds .

========================================================================
Received Import Request.
  Time since last request: 0.000216 seconds.
  path: Assets/Art/Tiles/FloorWaterRoundCorners_2.asset
  artifactKey: Guid(a50389945a388594cbdd442e73de8f57) Importer(815301076,1909f56bfc062723c751e8b465ee728b)
Start importing Assets/Art/Tiles/FloorWaterRoundCorners_2.asset using Guid(a50389945a388594cbdd442e73de8f57) Importer(815301076,1909f56bfc062723c751e8b465ee728b)  -> (artifact id: '958dc26dcb2b4c5767da5cc77e2eaa07') in 0.036517 seconds
  Import took 0.041505 seconds .

========================================================================
Received Import Request.
  Time since last request: 0.000198 seconds.
  path: Assets/Art/Tiles/FloorWaterRoundCorners_7.asset
  artifactKey: Guid(44fe9aa2aec27cc4d9362ef4caa960d7) Importer(815301076,1909f56bfc062723c751e8b465ee728b)
Start importing Assets/Art/Tiles/FloorWaterRoundCorners_7.asset using Guid(44fe9aa2aec27cc4d9362ef4caa960d7) Importer(815301076,1909f56bfc062723c751e8b465ee728b)  -> (artifact id: '3dbe8d1310a72db5b1baf2e20d020f6b') in 0.037928 seconds
  Import took 0.047044 seconds .

========================================================================
Received Import Request.
  Time since last request: 0.000226 seconds.
  path: Assets/Art/Tiles/FloorWaterRoundCorners_1.asset
  artifactKey: Guid(fd687ab535029f240ad7bc4cf2dc660e) Importer(815301076,1909f56bfc062723c751e8b465ee728b)
Start importing Assets/Art/Tiles/FloorWaterRoundCorners_1.asset using Guid(fd687ab535029f240ad7bc4cf2dc660e) Importer(815301076,1909f56bfc062723c751e8b465ee728b)  -> (artifact id: '74010a133ee9436e04280bd16e05b221') in 0.034137 seconds
  Import took 0.044612 seconds .

========================================================================
Received Import Request.
  Time since last request: 0.000236 seconds.
  path: Assets/Art/Tiles/FloorWaterRoundCorners_6.asset
  artifactKey: Guid(949360c4a53060341bfed903ba220a10) Importer(815301076,1909f56bfc062723c751e8b465ee728b)
Start importing Assets/Art/Tiles/FloorWaterRoundCorners_6.asset using Guid(949360c4a53060341bfed903ba220a10) Importer(815301076,1909f56bfc062723c751e8b465ee728b)  -> (artifact id: '97dcfe0204d15d4d388e0b28e781a48e') in 0.032714 seconds
  Import took 0.045524 seconds .

========================================================================
Received Import Request.
  Time since last request: 0.000516 seconds.
  path: Assets/Art/Tiles/FloorWaterRoundCorners_5.asset
  artifactKey: Guid(e40f457275c4c6e4b9ad547badd0f7ab) Importer(815301076,1909f56bfc062723c751e8b465ee728b)
Start importing Assets/Art/Tiles/FloorWaterRoundCorners_5.asset using Guid(e40f457275c4c6e4b9ad547badd0f7ab) Importer(815301076,1909f56bfc062723c751e8b465ee728b)  -> (artifact id: '6eaeb7d4ef3df6be890ff2e44693c6f0') in 0.029292 seconds
  Import took 0.053505 seconds .

========================================================================
Received Import Request.
  Time since last request: 46.189441 seconds.
  path: Assets/Art/Tiles/FirstTile.prefab
  artifactKey: Guid(4d9d7338a85e5894bb751aa9c2eb7f88) Importer(815301076,1909f56bfc062723c751e8b465ee728b)
Start importing Assets/Art/Tiles/FirstTile.prefab using Guid(4d9d7338a85e5894bb751aa9c2eb7f88) Importer(815301076,1909f56bfc062723c751e8b465ee728b)  -> (artifact id: '5fa4be2d5488e41e2cbfb3b6edba83a5') in 0.009317 seconds
  Import took 0.024903 seconds .

========================================================================
Received Import Request.
  Time since last request: 14.300645 seconds.
  path: Assets/Art/Tiles/FirstTile.prefab
  artifactKey: Guid(4d9d7338a85e5894bb751aa9c2eb7f88) Importer(815301076,1909f56bfc062723c751e8b465ee728b)
Start importing Assets/Art/Tiles/FirstTile.prefab using Guid(4d9d7338a85e5894bb751aa9c2eb7f88) Importer(815301076,1909f56bfc062723c751e8b465ee728b)  -> (artifact id: 'b53439cfb931692744a5cc5fdacc7985') in 0.030396 seconds
  Import took 0.049701 seconds .

========================================================================
Received Import Request.
  Time since last request: 237.294585 seconds.
  path: Assets/Art/Sprites/Environmnent/FloorGrassToBricksSquare.png
  artifactKey: Guid(ae39c96545143eb41b1618200a550c81) Importer(815301076,1909f56bfc062723c751e8b465ee728b)
Start importing Assets/Art/Sprites/Environmnent/FloorGrassToBricksSquare.png using Guid(ae39c96545143eb41b1618200a550c81) Importer(815301076,1909f56bfc062723c751e8b465ee728b)  -> (artifact id: '8449797aa095e7e04838952e787586e8') in 0.035844 seconds
  Import took 0.045367 seconds .

========================================================================
Received Import Request.
  Time since last request: 9.927044 seconds.
  path: Assets/Art/Sprites/Environmnent/FloorGrassToBricksSquare.png
  artifactKey: Guid(ae39c96545143eb41b1618200a550c81) Importer(815301076,1909f56bfc062723c751e8b465ee728b)
Start importing Assets/Art/Sprites/Environmnent/FloorGrassToBricksSquare.png using Guid(ae39c96545143eb41b1618200a550c81) Importer(815301076,1909f56bfc062723c751e8b465ee728b)  -> (artifact id: '76746235be8ba086f4fccfe787c0c7a6') in 0.085306 seconds
  Import took 0.090782 seconds .

========================================================================
Received Import Request.
  Time since last request: 101.507729 seconds.
  path: Assets/Art/Sprites/Environmnent/FloorGrassToBricksCorner.png
  artifactKey: Guid(df0b6f9e93b65bc4792e6cf7849c5e37) Importer(815301076,1909f56bfc062723c751e8b465ee728b)
Start importing Assets/Art/Sprites/Environmnent/FloorGrassToBricksCorner.png using Guid(df0b6f9e93b65bc4792e6cf7849c5e37) Importer(815301076,1909f56bfc062723c751e8b465ee728b)  -> (artifact id: '068b2f0e43026e6f896cf7f2e66172fb') in 0.047693 seconds
  Import took 0.053799 seconds .

========================================================================
Received Import Request.
  Time since last request: 8.649212 seconds.
  path: Assets/Art/Sprites/Environmnent/FloorGrassToBricksCorner.png
  artifactKey: Guid(df0b6f9e93b65bc4792e6cf7849c5e37) Importer(815301076,1909f56bfc062723c751e8b465ee728b)
Start importing Assets/Art/Sprites/Environmnent/FloorGrassToBricksCorner.png using Guid(df0b6f9e93b65bc4792e6cf7849c5e37) Importer(815301076,1909f56bfc062723c751e8b465ee728b)  -> (artifact id: '2191c4fd6ac95be0be8a131be3cbe772') in 0.066238 seconds
  Import took 0.073945 seconds .

========================================================================
Received Prepare
Registering precompiled user dll's ...
Registered in 0.003090 seconds.
Begin MonoManager ReloadAssembly
Native extension for WindowsStandalone target not found
Refreshing native plugins compatible for Editor in 0.48 ms, found 1 plugins.
Preloading 0 native plugins for Editor in 0.00 ms.
Invoked RoslynAnalysisRunner static constructor.
RoslynAnalysisRunner will not be running.
RoslynAnalysisRunner has terminated.
Mono: successfully reloaded assembly
- Completed reload, in  1.501 seconds
Platform modules already initialized, skipping
Refreshing native plugins compatible for Editor in 0.77 ms, found 1 plugins.
Preloading 0 native plugins for Editor in 0.00 ms.
Unloading 1804 Unused Serialized files (Serialized files now loaded: 0)
System memory in use before: 88.3 MB.
System memory in use after: 88.3 MB.

Unloading 12 unused Assets to reduce memory usage. Loaded Objects now: 2322.
Total: 3.750100 ms (FindLiveObjects: 1.119900 ms CreateObjectMapping: 0.150200 ms MarkObjects: 2.363100 ms  DeleteObjects: 0.115400 ms)

