Using pre-set license
Built from '2020.3/staging' branch; Version is '2020.3.0f1 (c7b5465681fb) revision 13088070'; Using compiler version '192528614'; Build Type 'Release'
OS: 'Windows 10 Home; OS build 19043.1237; Version 2009; 64bit' Language: 'en' Physical Memory: 8013 MB
BatchMode: 1, IsHumanControllingUs: 0, StartBugReporterOnCrash: 0, Is64bit: 1, IsPro: 0

 COMMAND LINE ARGUMENTS:
C:\Program Files\Unity\Hub\Editor\2020.3.0f1\Editor\Unity.exe
-adb2
-batchMode
-noUpm
-name
AssetImportWorker1
-projectPath
C:/Users/JUNIT/Documents/GitHub/2D-Beginner/2D- Begginner Tutorial
-logFile
Logs/AssetImportWorker1.log
-srvPort
57425
Successfully changed project path to: C:/Users/JUNIT/Documents/GitHub/2D-Beginner/2D- Begginner Tutorial
C:/Users/JUNIT/Documents/GitHub/2D-Beginner/2D- Begginner Tutorial
Using Asset Import Pipeline V2.
Refreshing native plugins compatible for Editor in 114.59 ms, found 1 plugins.
Preloading 0 native plugins for Editor in 0.00 ms.
Initialize engine version: 2020.3.0f1 (c7b5465681fb)
[Subsystems] Discovering subsystems at path C:/Program Files/Unity/Hub/Editor/2020.3.0f1/Editor/Data/Resources/UnitySubsystems
[Subsystems] Discovering subsystems at path C:/Users/JUNIT/Documents/GitHub/2D-Beginner/2D- Begginner Tutorial/Assets
GfxDevice: creating device client; threaded=0
Direct3D:
    Version:  Direct3D 11.0 [level 11.1]
    Renderer: Intel(R) UHD Graphics 620 (ID=0x3ea0)
    Vendor:   
    VRAM:     4006 MB
    Driver:   27.20.100.8984
Initialize mono
Mono path[0] = 'C:/Program Files/Unity/Hub/Editor/2020.3.0f1/Editor/Data/Managed'
Mono path[1] = 'C:/Program Files/Unity/Hub/Editor/2020.3.0f1/Editor/Data/MonoBleedingEdge/lib/mono/unityjit'
Mono config path = 'C:/Program Files/Unity/Hub/Editor/2020.3.0f1/Editor/Data/MonoBleedingEdge/etc'
Using monoOptions --debugger-agent=transport=dt_socket,embedding=1,server=y,suspend=n,address=127.0.0.1:56616
Begin MonoManager ReloadAssembly
Registering precompiled unity dll's ...
Register platform support module: C:/Program Files/Unity/Hub/Editor/2020.3.0f1/Editor/Data/PlaybackEngines/WindowsStandaloneSupport/UnityEditor.WindowsStandalone.Extensions.dll
Registered in 0.012482 seconds.
Native extension for WindowsStandalone target not found
Refreshing native plugins compatible for Editor in 130.76 ms, found 1 plugins.
Preloading 0 native plugins for Editor in 0.00 ms.
Invoked RoslynAnalysisRunner static constructor.
RoslynAnalysisRunner will not be running.
RoslynAnalysisRunner has terminated.
Mono: successfully reloaded assembly
- Completed reload, in  4.145 seconds
Platform modules already initialized, skipping
Registering precompiled user dll's ...
Registered in 0.002393 seconds.
Begin MonoManager ReloadAssembly
Native extension for WindowsStandalone target not found
Refreshing native plugins compatible for Editor in 124.23 ms, found 1 plugins.
Preloading 0 native plugins for Editor in 0.00 ms.
Invoked RoslynAnalysisRunner static constructor.
RoslynAnalysisRunner will not be running.
RoslynAnalysisRunner has terminated.
Mono: successfully reloaded assembly
- Completed reload, in  3.840 seconds
Platform modules already initialized, skipping
========================================================================
Worker process is ready to serve import requests
Launched and connected shader compiler UnityShaderCompiler.exe after 0.21 seconds
Refreshing native plugins compatible for Editor in 1.18 ms, found 1 plugins.
Preloading 0 native plugins for Editor in 0.00 ms.
Unloading 1808 Unused Serialized files (Serialized files now loaded: 0)
System memory in use before: 84.6 MB.
System memory in use after: 84.6 MB.

Unloading 24 unused Assets to reduce memory usage. Loaded Objects now: 2250.
Total: 5.157400 ms (FindLiveObjects: 0.285500 ms CreateObjectMapping: 0.305200 ms MarkObjects: 4.291300 ms  DeleteObjects: 0.272300 ms)

========================================================================
Received Import Request.
  path: Assets/Art/Sprites/Characters/JambiSheet.png
  artifactKey: Guid(255841382d607e24a8317d9ab167f414) Importer(815301076,1909f56bfc062723c751e8b465ee728b)
Start importing Assets/Art/Sprites/Characters/JambiSheet.png using Guid(255841382d607e24a8317d9ab167f414) Importer(815301076,1909f56bfc062723c751e8b465ee728b)  -> (artifact id: 'bc732e1fd18044bf8a6dbcd154d0b9ad') in 0.599570 seconds
  Import took 0.608407 seconds .

========================================================================
Received Import Request.
  Time since last request: 0.000832 seconds.
  path: Assets/Art/Sprites/Characters/RubySheet.png
  artifactKey: Guid(c1dbff5bcb29cdd4bbb8de3a29f2328c) Importer(815301076,1909f56bfc062723c751e8b465ee728b)
Start importing Assets/Art/Sprites/Characters/RubySheet.png using Guid(c1dbff5bcb29cdd4bbb8de3a29f2328c) Importer(815301076,1909f56bfc062723c751e8b465ee728b)  -> (artifact id: 'e9ad8529161f28d5a40b51c48571a3a8') in 0.241046 seconds
  Import took 0.248046 seconds .

========================================================================
Received Import Request.
  Time since last request: 0.000123 seconds.
  path: Assets/Art/Sprites/Characters/MrClockworkSheet.png
  artifactKey: Guid(651c4abeb0812e74685da0e5a31c8dff) Importer(815301076,1909f56bfc062723c751e8b465ee728b)
Start importing Assets/Art/Sprites/Characters/MrClockworkSheet.png using Guid(651c4abeb0812e74685da0e5a31c8dff) Importer(815301076,1909f56bfc062723c751e8b465ee728b)  -> (artifact id: '1382000e8c08374391a4f749fbab3470') in 0.175236 seconds
  Import took 0.181703 seconds .

========================================================================
Received Import Request.
  Time since last request: 238.942912 seconds.
  path: Assets/Art/Sprites
  artifactKey: Guid(393943900ba2b6c4cb80f5e4a5d0806c) Importer(815301076,1909f56bfc062723c751e8b465ee728b)
Start importing Assets/Art/Sprites using Guid(393943900ba2b6c4cb80f5e4a5d0806c) Importer(815301076,1909f56bfc062723c751e8b465ee728b)  -> (artifact id: 'c97f20c78386dc2ff856480983d0a336') in 0.017936 seconds
  Import took 0.028364 seconds .

========================================================================
Received Import Request.
  Time since last request: 0.005170 seconds.
  path: Assets/Art/Sprites
  artifactKey: Guid(393943900ba2b6c4cb80f5e4a5d0806c) Importer(815301076,1909f56bfc062723c751e8b465ee728b)
Start importing Assets/Art/Sprites using Guid(393943900ba2b6c4cb80f5e4a5d0806c) Importer(815301076,1909f56bfc062723c751e8b465ee728b)  -> (artifact id: 'c97f20c78386dc2ff856480983d0a336') in 0.013244 seconds
  Import took 0.034727 seconds .

========================================================================
Received Import Request.
  Time since last request: 0.936148 seconds.
  path: Assets/Art/Sprites/Environmnent
  artifactKey: Guid(28623518bdb8e8143808c62674fcffc3) Importer(815301076,1909f56bfc062723c751e8b465ee728b)
Start importing Assets/Art/Sprites/Environmnent using Guid(28623518bdb8e8143808c62674fcffc3) Importer(815301076,1909f56bfc062723c751e8b465ee728b)  -> (artifact id: '387d504b4f6e926fb5585c6a4ca371fc') in 0.026987 seconds
  Import took 0.041693 seconds .

========================================================================
Received Import Request.
  Time since last request: 127.821448 seconds.
  path: Assets/Art/Sprites/Main Character and First Script - Unity Learn.html
  artifactKey: Guid(fcf8bdb65168b3745b738693c000211c) Importer(815301076,1909f56bfc062723c751e8b465ee728b)
Start importing Assets/Art/Sprites/Main Character and First Script - Unity Learn.html using Guid(fcf8bdb65168b3745b738693c000211c) Importer(815301076,1909f56bfc062723c751e8b465ee728b)  -> (artifact id: 'c5289c0c04d5c5bc74cf0cc214b0f0bc') in 0.030663 seconds
  Import took 0.040343 seconds .

========================================================================
Received Import Request.
  Time since last request: 0.014552 seconds.
  path: Assets/Art/Sprites/Main Character and First Script - Unity Learn.html
  artifactKey: Guid(fcf8bdb65168b3745b738693c000211c) Importer(815301076,1909f56bfc062723c751e8b465ee728b)
Start importing Assets/Art/Sprites/Main Character and First Script - Unity Learn.html using Guid(fcf8bdb65168b3745b738693c000211c) Importer(815301076,1909f56bfc062723c751e8b465ee728b)  -> (artifact id: 'c5289c0c04d5c5bc74cf0cc214b0f0bc') in 0.011364 seconds
  Import took 0.020104 seconds .

========================================================================
Received Import Request.
  Time since last request: 131.681555 seconds.
  path: Assets/Art/Sprites/Ruby2.png
  artifactKey: Guid(92951429a78ee954996fe5dc506c4166) Importer(815301076,1909f56bfc062723c751e8b465ee728b)
Start importing Assets/Art/Sprites/Ruby2.png using Guid(92951429a78ee954996fe5dc506c4166) Importer(815301076,1909f56bfc062723c751e8b465ee728b)  -> (artifact id: '28f7ff7ac5dddf63ab8bfd54a9f404f0') in 0.052305 seconds
  Import took 0.064954 seconds .

========================================================================
Received Prepare
Registering precompiled user dll's ...
Registered in 0.001905 seconds.
Begin MonoManager ReloadAssembly
Native extension for WindowsStandalone target not found
Refreshing native plugins compatible for Editor in 0.43 ms, found 1 plugins.
Preloading 0 native plugins for Editor in 0.00 ms.
Invoked RoslynAnalysisRunner static constructor.
RoslynAnalysisRunner will not be running.
RoslynAnalysisRunner has terminated.
Mono: successfully reloaded assembly
- Completed reload, in  1.591 seconds
Platform modules already initialized, skipping
Refreshing native plugins compatible for Editor in 0.62 ms, found 1 plugins.
Preloading 0 native plugins for Editor in 0.00 ms.
Unloading 1803 Unused Serialized files (Serialized files now loaded: 0)
System memory in use before: 87.7 MB.
System memory in use after: 87.7 MB.

Unloading 12 unused Assets to reduce memory usage. Loaded Objects now: 2264.
Total: 3.322800 ms (FindLiveObjects: 0.577100 ms CreateObjectMapping: 0.496400 ms MarkObjects: 2.123300 ms  DeleteObjects: 0.124500 ms)

========================================================================
Received Import Request.
  Time since last request: 716.488733 seconds.
  path: Assets/Scenes/Main Scene.unity
  artifactKey: Guid(3e18c059b84e9c24599aa584920c304b) Importer(815301076,1909f56bfc062723c751e8b465ee728b)
Start importing Assets/Scenes/Main Scene.unity using Guid(3e18c059b84e9c24599aa584920c304b) Importer(815301076,1909f56bfc062723c751e8b465ee728b)  -> (artifact id: '4e34d1bf75ce98cba758adc4109bbd9b') in 0.065202 seconds
  Import took 0.102617 seconds .

========================================================================
Received Import Request.
  Time since last request: 405.621789 seconds.
  path: Assets
  artifactKey: Guid(00000000000000001000000000000000) Importer(815301076,1909f56bfc062723c751e8b465ee728b)
Start importing Assets using Guid(00000000000000001000000000000000) Importer(815301076,1909f56bfc062723c751e8b465ee728b)  -> (artifact id: '42baae205c97e3337697759514652acd') in 0.014338 seconds
  Import took 0.018474 seconds .

========================================================================
Received Import Request.
  Time since last request: 37.677829 seconds.
  path: Assets/New Folder
  artifactKey: Guid(67694b570cb013b44a2bf2d777ee1daa) Importer(815301076,1909f56bfc062723c751e8b465ee728b)
Start importing Assets/New Folder using Guid(67694b570cb013b44a2bf2d777ee1daa) Importer(815301076,1909f56bfc062723c751e8b465ee728b)  -> (artifact id: '186f81ef4891a2e83a01b2d412d1f519') in 0.013259 seconds
  Import took 0.016412 seconds .

========================================================================
Received Import Request.
  Time since last request: 17.848505 seconds.
  path: Assets/Scripts
  artifactKey: Guid(67694b570cb013b44a2bf2d777ee1daa) Importer(815301076,1909f56bfc062723c751e8b465ee728b)
Start importing Assets/Scripts using Guid(67694b570cb013b44a2bf2d777ee1daa) Importer(815301076,1909f56bfc062723c751e8b465ee728b)  -> (artifact id: '1547f9b09013599fd1a075a9e67c7fcf') in 0.011453 seconds
  Import took 0.016020 seconds .

========================================================================
Received Prepare
Registering precompiled user dll's ...
Registered in 0.001517 seconds.
Begin MonoManager ReloadAssembly
Native extension for WindowsStandalone target not found
Refreshing native plugins compatible for Editor in 0.34 ms, found 1 plugins.
Preloading 0 native plugins for Editor in 0.00 ms.
Invoked RoslynAnalysisRunner static constructor.
RoslynAnalysisRunner will not be running.
RoslynAnalysisRunner has terminated.
Mono: successfully reloaded assembly
- Completed reload, in  0.984 seconds
Platform modules already initialized, skipping
Refreshing native plugins compatible for Editor in 0.33 ms, found 1 plugins.
Preloading 0 native plugins for Editor in 0.00 ms.
Unloading 1804 Unused Serialized files (Serialized files now loaded: 0)
System memory in use before: 87.8 MB.
System memory in use after: 87.7 MB.

Unloading 12 unused Assets to reduce memory usage. Loaded Objects now: 2269.
Total: 2.545800 ms (FindLiveObjects: 0.203900 ms CreateObjectMapping: 0.080500 ms MarkObjects: 2.152800 ms  DeleteObjects: 0.107000 ms)

========================================================================
Received Import Request.
  Time since last request: 20.044475 seconds.
  path: Assets/Scripts/Ruby.cs
  artifactKey: Guid(c2611321ddc7eb04ebfa1c123acd1941) Importer(815301076,1909f56bfc062723c751e8b465ee728b)
Start importing Assets/Scripts/Ruby.cs using Guid(c2611321ddc7eb04ebfa1c123acd1941) Importer(815301076,1909f56bfc062723c751e8b465ee728b)  -> (artifact id: '4dbb4376987a1849cf63eb00171b6437') in 0.033193 seconds
  Import took 0.039783 seconds .

========================================================================
Received Import Request.
  Time since last request: 9.164482 seconds.
  path: Assets/Scripts/RubyController.cs
  artifactKey: Guid(c2611321ddc7eb04ebfa1c123acd1941) Importer(815301076,1909f56bfc062723c751e8b465ee728b)
Start importing Assets/Scripts/RubyController.cs using Guid(c2611321ddc7eb04ebfa1c123acd1941) Importer(815301076,1909f56bfc062723c751e8b465ee728b)  -> (artifact id: 'c8a3b3ac8daaaf9e9a047e9c5e4cd913') in 0.010806 seconds
  Import took 0.016342 seconds .

========================================================================
Received Prepare
Registering precompiled user dll's ...
Registered in 0.001122 seconds.
Begin MonoManager ReloadAssembly
Native extension for WindowsStandalone target not found
Refreshing native plugins compatible for Editor in 0.46 ms, found 1 plugins.
Preloading 0 native plugins for Editor in 0.00 ms.
Invoked RoslynAnalysisRunner static constructor.
RoslynAnalysisRunner will not be running.
RoslynAnalysisRunner has terminated.
Mono: successfully reloaded assembly
- Completed reload, in  0.983 seconds
Platform modules already initialized, skipping
Refreshing native plugins compatible for Editor in 0.37 ms, found 1 plugins.
Preloading 0 native plugins for Editor in 0.00 ms.
Unloading 1804 Unused Serialized files (Serialized files now loaded: 0)
System memory in use before: 87.8 MB.
System memory in use after: 87.8 MB.

Unloading 12 unused Assets to reduce memory usage. Loaded Objects now: 2273.
Total: 2.609100 ms (FindLiveObjects: 0.145900 ms CreateObjectMapping: 0.056700 ms MarkObjects: 2.298100 ms  DeleteObjects: 0.106900 ms)

========================================================================
Received Prepare
Registering precompiled user dll's ...
Registered in 0.001048 seconds.
Begin MonoManager ReloadAssembly
Native extension for WindowsStandalone target not found
Refreshing native plugins compatible for Editor in 0.48 ms, found 1 plugins.
Preloading 0 native plugins for Editor in 0.00 ms.
Invoked RoslynAnalysisRunner static constructor.
RoslynAnalysisRunner will not be running.
RoslynAnalysisRunner has terminated.
Mono: successfully reloaded assembly
- Completed reload, in  0.942 seconds
Platform modules already initialized, skipping
Refreshing native plugins compatible for Editor in 0.33 ms, found 1 plugins.
Preloading 0 native plugins for Editor in 0.00 ms.
Unloading 1804 Unused Serialized files (Serialized files now loaded: 0)
System memory in use before: 87.8 MB.
System memory in use after: 87.8 MB.

Unloading 12 unused Assets to reduce memory usage. Loaded Objects now: 2277.
Total: 2.328300 ms (FindLiveObjects: 0.270000 ms CreateObjectMapping: 0.094600 ms MarkObjects: 1.791800 ms  DeleteObjects: 0.170200 ms)

========================================================================
Received Import Request.
  Time since last request: 150.589592 seconds.
  path: Assets/Scripts/RubyController.cs
  artifactKey: Guid(c2611321ddc7eb04ebfa1c123acd1941) Importer(815301076,1909f56bfc062723c751e8b465ee728b)
Start importing Assets/Scripts/RubyController.cs using Guid(c2611321ddc7eb04ebfa1c123acd1941) Importer(815301076,1909f56bfc062723c751e8b465ee728b)  -> (artifact id: 'b9f6f06d884f07ca6dad3ac21bb915fe') in 0.005805 seconds
  Import took 0.009770 seconds .

========================================================================
Received Prepare
Registering precompiled user dll's ...
Registered in 0.001512 seconds.
Begin MonoManager ReloadAssembly
Native extension for WindowsStandalone target not found
Refreshing native plugins compatible for Editor in 0.38 ms, found 1 plugins.
Preloading 0 native plugins for Editor in 0.00 ms.
Invoked RoslynAnalysisRunner static constructor.
RoslynAnalysisRunner will not be running.
RoslynAnalysisRunner has terminated.
Mono: successfully reloaded assembly
- Completed reload, in  1.063 seconds
Platform modules already initialized, skipping
Refreshing native plugins compatible for Editor in 0.38 ms, found 1 plugins.
Preloading 0 native plugins for Editor in 0.00 ms.
Unloading 1804 Unused Serialized files (Serialized files now loaded: 0)
System memory in use before: 87.8 MB.
System memory in use after: 87.8 MB.

Unloading 12 unused Assets to reduce memory usage. Loaded Objects now: 2281.
Total: 2.285300 ms (FindLiveObjects: 0.296400 ms CreateObjectMapping: 0.163700 ms MarkObjects: 1.676800 ms  DeleteObjects: 0.147200 ms)

========================================================================
Received Prepare
Registering precompiled user dll's ...
Registered in 0.001153 seconds.
Begin MonoManager ReloadAssembly
Native extension for WindowsStandalone target not found
Refreshing native plugins compatible for Editor in 0.34 ms, found 1 plugins.
Preloading 0 native plugins for Editor in 0.00 ms.
Invoked RoslynAnalysisRunner static constructor.
RoslynAnalysisRunner will not be running.
RoslynAnalysisRunner has terminated.
Mono: successfully reloaded assembly
- Completed reload, in  1.005 seconds
Platform modules already initialized, skipping
Refreshing native plugins compatible for Editor in 0.57 ms, found 1 plugins.
Preloading 0 native plugins for Editor in 0.00 ms.
Unloading 1804 Unused Serialized files (Serialized files now loaded: 0)
System memory in use before: 87.8 MB.
System memory in use after: 87.8 MB.

Unloading 12 unused Assets to reduce memory usage. Loaded Objects now: 2285.
Total: 2.307400 ms (FindLiveObjects: 0.208500 ms CreateObjectMapping: 0.126200 ms MarkObjects: 1.855900 ms  DeleteObjects: 0.115200 ms)

========================================================================
Received Prepare
Registering precompiled user dll's ...
Registered in 0.001096 seconds.
Begin MonoManager ReloadAssembly
Native extension for WindowsStandalone target not found
Refreshing native plugins compatible for Editor in 0.34 ms, found 1 plugins.
Preloading 0 native plugins for Editor in 0.00 ms.
Invoked RoslynAnalysisRunner static constructor.
RoslynAnalysisRunner will not be running.
RoslynAnalysisRunner has terminated.
Mono: successfully reloaded assembly
- Completed reload, in  0.998 seconds
Platform modules already initialized, skipping
Refreshing native plugins compatible for Editor in 0.37 ms, found 1 plugins.
Preloading 0 native plugins for Editor in 0.00 ms.
Unloading 1804 Unused Serialized files (Serialized files now loaded: 0)
System memory in use before: 87.9 MB.
System memory in use after: 87.8 MB.

Unloading 12 unused Assets to reduce memory usage. Loaded Objects now: 2289.
Total: 3.589100 ms (FindLiveObjects: 0.273800 ms CreateObjectMapping: 0.088000 ms MarkObjects: 3.101500 ms  DeleteObjects: 0.124500 ms)

