Using pre-set license
Built from '2020.3/staging' branch; Version is '2020.3.0f1 (c7b5465681fb) revision 13088070'; Using compiler version '192528614'; Build Type 'Release'
OS: 'Windows 10 Home; OS build 19043.1288; Version 2009; 64bit' Language: 'en' Physical Memory: 8013 MB
BatchMode: 1, IsHumanControllingUs: 0, StartBugReporterOnCrash: 0, Is64bit: 1, IsPro: 0

 COMMAND LINE ARGUMENTS:
C:\Program Files\Unity\Hub\Editor\2020.3.0f1\Editor\Unity.exe
-adb2
-batchMode
-noUpm
-name
AssetImportWorker0
-projectPath
C:/Users/JUNIT/Documents/GitHub/2D-Beginner/2D- Begginner Tutorial
-logFile
Logs/AssetImportWorker0.log
-srvPort
55518
Successfully changed project path to: C:/Users/JUNIT/Documents/GitHub/2D-Beginner/2D- Begginner Tutorial
C:/Users/JUNIT/Documents/GitHub/2D-Beginner/2D- Begginner Tutorial
Using Asset Import Pipeline V2.
Refreshing native plugins compatible for Editor in 39.41 ms, found 1 plugins.
Preloading 0 native plugins for Editor in 0.00 ms.
Initialize engine version: 2020.3.0f1 (c7b5465681fb)
[Subsystems] Discovering subsystems at path C:/Program Files/Unity/Hub/Editor/2020.3.0f1/Editor/Data/Resources/UnitySubsystems
[Subsystems] Discovering subsystems at path C:/Users/JUNIT/Documents/GitHub/2D-Beginner/2D- Begginner Tutorial/Assets
GfxDevice: creating device client; threaded=0
Direct3D:
    Version:  Direct3D 11.0 [level 11.1]
    Renderer: Intel(R) UHD Graphics 620 (ID=0x3ea0)
    Vendor:   
    VRAM:     4006 MB
    Driver:   27.20.100.8984
Initialize mono
Mono path[0] = 'C:/Program Files/Unity/Hub/Editor/2020.3.0f1/Editor/Data/Managed'
Mono path[1] = 'C:/Program Files/Unity/Hub/Editor/2020.3.0f1/Editor/Data/MonoBleedingEdge/lib/mono/unityjit'
Mono config path = 'C:/Program Files/Unity/Hub/Editor/2020.3.0f1/Editor/Data/MonoBleedingEdge/etc'
Using monoOptions --debugger-agent=transport=dt_socket,embedding=1,server=y,suspend=n,address=127.0.0.1:56760
Begin MonoManager ReloadAssembly
Registering precompiled unity dll's ...
Register platform support module: C:/Program Files/Unity/Hub/Editor/2020.3.0f1/Editor/Data/PlaybackEngines/WindowsStandaloneSupport/UnityEditor.WindowsStandalone.Extensions.dll
Registered in 0.003135 seconds.
Native extension for WindowsStandalone target not found
Refreshing native plugins compatible for Editor in 41.04 ms, found 1 plugins.
Preloading 0 native plugins for Editor in 0.00 ms.
Invoked RoslynAnalysisRunner static constructor.
RoslynAnalysisRunner will not be running.
RoslynAnalysisRunner has terminated.
Mono: successfully reloaded assembly
- Completed reload, in  1.242 seconds
Platform modules already initialized, skipping
Registering precompiled user dll's ...
Registered in 0.001370 seconds.
Begin MonoManager ReloadAssembly
Native extension for WindowsStandalone target not found
Refreshing native plugins compatible for Editor in 40.36 ms, found 1 plugins.
Preloading 0 native plugins for Editor in 0.00 ms.
Invoked RoslynAnalysisRunner static constructor.
RoslynAnalysisRunner will not be running.
RoslynAnalysisRunner has terminated.
Mono: successfully reloaded assembly
- Completed reload, in  1.074 seconds
Platform modules already initialized, skipping
========================================================================
Worker process is ready to serve import requests
Launched and connected shader compiler UnityShaderCompiler.exe after 0.05 seconds
Refreshing native plugins compatible for Editor in 0.63 ms, found 1 plugins.
Preloading 0 native plugins for Editor in 0.00 ms.
Unloading 1812 Unused Serialized files (Serialized files now loaded: 0)
System memory in use before: 84.8 MB.
System memory in use after: 84.8 MB.

Unloading 23 unused Assets to reduce memory usage. Loaded Objects now: 2256.
Total: 2.866300 ms (FindLiveObjects: 0.180400 ms CreateObjectMapping: 0.119700 ms MarkObjects: 2.414300 ms  DeleteObjects: 0.150300 ms)

========================================================================
Received Import Request.
  path: Assets/Art/Animations/Robot.controller
  artifactKey: Guid(527565e90d3140b4ea98b6469f0cd637) Importer(815301076,1909f56bfc062723c751e8b465ee728b)
Start importing Assets/Art/Animations/Robot.controller using Guid(527565e90d3140b4ea98b6469f0cd637) Importer(815301076,1909f56bfc062723c751e8b465ee728b)  -> (artifact id: 'efb7149f4d18a910f50b8a05bc2d40b5') in 0.057528 seconds
  Import took 0.062524 seconds .

========================================================================
Received Import Request.
  Time since last request: 16.598818 seconds.
  path: Assets/Prefabs/Enemies.prefab
  artifactKey: Guid(5017e2a804576734181de85364d92cd5) Importer(815301076,1909f56bfc062723c751e8b465ee728b)
Start importing Assets/Prefabs/Enemies.prefab using Guid(5017e2a804576734181de85364d92cd5) Importer(815301076,1909f56bfc062723c751e8b465ee728b)  -> (artifact id: 'caae3ba880ed36262dc3904b1d55b3fd') in 0.153728 seconds
  Import took 0.161588 seconds .

========================================================================
Received Import Request.
  Time since last request: 0.009072 seconds.
  path: Assets/Prefabs/Enemies.prefab
  artifactKey: Guid(5017e2a804576734181de85364d92cd5) Importer(815301076,1909f56bfc062723c751e8b465ee728b)
Start importing Assets/Prefabs/Enemies.prefab using Guid(5017e2a804576734181de85364d92cd5) Importer(815301076,1909f56bfc062723c751e8b465ee728b)  -> (artifact id: 'caae3ba880ed36262dc3904b1d55b3fd') in 0.026324 seconds
  Import took 0.032119 seconds .

========================================================================
Received Prepare
Registering precompiled user dll's ...
Registered in 0.001348 seconds.
Begin MonoManager ReloadAssembly
Native extension for WindowsStandalone target not found
Refreshing native plugins compatible for Editor in 0.47 ms, found 1 plugins.
Preloading 0 native plugins for Editor in 0.00 ms.
Invoked RoslynAnalysisRunner static constructor.
RoslynAnalysisRunner will not be running.
RoslynAnalysisRunner has terminated.
Mono: successfully reloaded assembly
- Completed reload, in  1.040 seconds
Platform modules already initialized, skipping
Refreshing native plugins compatible for Editor in 0.48 ms, found 1 plugins.
Preloading 0 native plugins for Editor in 0.00 ms.
Unloading 1806 Unused Serialized files (Serialized files now loaded: 0)
System memory in use before: 87.8 MB.
System memory in use after: 87.8 MB.

Unloading 11 unused Assets to reduce memory usage. Loaded Objects now: 2267.
Total: 2.249200 ms (FindLiveObjects: 0.151800 ms CreateObjectMapping: 0.048900 ms MarkObjects: 1.922000 ms  DeleteObjects: 0.125100 ms)

========================================================================
Received Import Request.
  Time since last request: 2239.967874 seconds.
  path: Assets/Art/Animations/Enemy/EnemyLeft
  artifactKey: Guid(0ead3611ab8212f43baacacde93bf3ea) Importer(815301076,1909f56bfc062723c751e8b465ee728b)
Start importing Assets/Art/Animations/Enemy/EnemyLeft using Guid(0ead3611ab8212f43baacacde93bf3ea) Importer(815301076,1909f56bfc062723c751e8b465ee728b)  -> (artifact id: '6ab3b7027e910f3730cae7a0f146eaec') in 0.028426 seconds
  Import took 0.033574 seconds .

========================================================================
Received Import Request.
  Time since last request: 133.292192 seconds.
  path: Assets/Art/Animations/Enemy/RobotUp.anim
  artifactKey: Guid(4777ec5befcf1d7439e023bce65decf9) Importer(815301076,1909f56bfc062723c751e8b465ee728b)
Start importing Assets/Art/Animations/Enemy/RobotUp.anim using Guid(4777ec5befcf1d7439e023bce65decf9) Importer(815301076,1909f56bfc062723c751e8b465ee728b)  -> (artifact id: '5d1493ee439bc77a453913006a5bfbcf') in 0.023488 seconds
  Import took 0.028790 seconds .

========================================================================
Received Import Request.
  Time since last request: 4.923954 seconds.
  path: Assets/Art/Animations/Enemy/EnemyRight.anim
  artifactKey: Guid(7c5163d51192f3e4c847efc5cbfe3445) Importer(815301076,1909f56bfc062723c751e8b465ee728b)
Start importing Assets/Art/Animations/Enemy/EnemyRight.anim using Guid(7c5163d51192f3e4c847efc5cbfe3445) Importer(815301076,1909f56bfc062723c751e8b465ee728b)  -> (artifact id: '34a79448beb0e04e16e986eae4e033c5') in 0.009556 seconds
  Import took 0.014583 seconds .

========================================================================
Received Import Request.
  Time since last request: 1355.850491 seconds.
  path: Assets/Art/Animations/Robot.controller
  artifactKey: Guid(527565e90d3140b4ea98b6469f0cd637) Importer(815301076,1909f56bfc062723c751e8b465ee728b)
Start importing Assets/Art/Animations/Robot.controller using Guid(527565e90d3140b4ea98b6469f0cd637) Importer(815301076,1909f56bfc062723c751e8b465ee728b)  -> (artifact id: 'f9d85b4f1041e37265f79a0fbc1c613a') in 0.019616 seconds
  Import took 0.032921 seconds .

========================================================================
Received Prepare
Registering precompiled user dll's ...
Registered in 0.002738 seconds.
Begin MonoManager ReloadAssembly
Native extension for WindowsStandalone target not found
Refreshing native plugins compatible for Editor in 0.39 ms, found 1 plugins.
Preloading 0 native plugins for Editor in 0.00 ms.
Invoked RoslynAnalysisRunner static constructor.
RoslynAnalysisRunner will not be running.
RoslynAnalysisRunner has terminated.
Mono: successfully reloaded assembly
- Completed reload, in  1.537 seconds
Platform modules already initialized, skipping
Refreshing native plugins compatible for Editor in 0.71 ms, found 1 plugins.
Preloading 0 native plugins for Editor in 0.00 ms.
Unloading 1806 Unused Serialized files (Serialized files now loaded: 0)
System memory in use before: 87.8 MB.
System memory in use after: 87.8 MB.

Unloading 11 unused Assets to reduce memory usage. Loaded Objects now: 2271.
Total: 10.679600 ms (FindLiveObjects: 0.558400 ms CreateObjectMapping: 0.462000 ms MarkObjects: 9.473300 ms  DeleteObjects: 0.182600 ms)

========================================================================
Received Import Request.
  Time since last request: 1835.914275 seconds.
  path: Assets/Scripts/EnemyController.cs
  artifactKey: Guid(f7565f8051e98cd48bc72f33ac6457dc) Importer(815301076,1909f56bfc062723c751e8b465ee728b)
Start importing Assets/Scripts/EnemyController.cs using Guid(f7565f8051e98cd48bc72f33ac6457dc) Importer(815301076,1909f56bfc062723c751e8b465ee728b)  -> (artifact id: 'd6e348c187a4aa6fbaa2ad2a0bef5262') in 0.033976 seconds
  Import took 0.041955 seconds .

========================================================================
Received Prepare
Registering precompiled user dll's ...
Registered in 0.001269 seconds.
Begin MonoManager ReloadAssembly
Native extension for WindowsStandalone target not found
Refreshing native plugins compatible for Editor in 0.58 ms, found 1 plugins.
Preloading 0 native plugins for Editor in 0.00 ms.
Invoked RoslynAnalysisRunner static constructor.
RoslynAnalysisRunner will not be running.
RoslynAnalysisRunner has terminated.
Mono: successfully reloaded assembly
- Completed reload, in  0.941 seconds
Platform modules already initialized, skipping
Refreshing native plugins compatible for Editor in 0.37 ms, found 1 plugins.
Preloading 0 native plugins for Editor in 0.00 ms.
Unloading 1806 Unused Serialized files (Serialized files now loaded: 0)
System memory in use before: 87.8 MB.
System memory in use after: 87.9 MB.

Unloading 11 unused Assets to reduce memory usage. Loaded Objects now: 2275.
Total: 3.206700 ms (FindLiveObjects: 0.219400 ms CreateObjectMapping: 0.051500 ms MarkObjects: 2.804700 ms  DeleteObjects: 0.129500 ms)

========================================================================
Received Import Request.
  Time since last request: 125.367298 seconds.
  path: Assets/Scripts/EnemyController.cs
  artifactKey: Guid(f7565f8051e98cd48bc72f33ac6457dc) Importer(815301076,1909f56bfc062723c751e8b465ee728b)
Start importing Assets/Scripts/EnemyController.cs using Guid(f7565f8051e98cd48bc72f33ac6457dc) Importer(815301076,1909f56bfc062723c751e8b465ee728b)  -> (artifact id: 'cabb8b4913816f1c08a032ac73cc952f') in 0.007176 seconds
  Import took 0.012292 seconds .

========================================================================
Received Prepare
Registering precompiled user dll's ...
Registered in 0.002795 seconds.
Begin MonoManager ReloadAssembly
Native extension for WindowsStandalone target not found
Refreshing native plugins compatible for Editor in 0.43 ms, found 1 plugins.
Preloading 0 native plugins for Editor in 0.00 ms.
Invoked RoslynAnalysisRunner static constructor.
RoslynAnalysisRunner will not be running.
RoslynAnalysisRunner has terminated.
Mono: successfully reloaded assembly
- Completed reload, in  1.054 seconds
Platform modules already initialized, skipping
Refreshing native plugins compatible for Editor in 0.57 ms, found 1 plugins.
Preloading 0 native plugins for Editor in 0.00 ms.
Unloading 1806 Unused Serialized files (Serialized files now loaded: 0)
System memory in use before: 87.9 MB.
System memory in use after: 87.9 MB.

Unloading 11 unused Assets to reduce memory usage. Loaded Objects now: 2279.
Total: 2.324900 ms (FindLiveObjects: 0.214700 ms CreateObjectMapping: 0.120000 ms MarkObjects: 1.885800 ms  DeleteObjects: 0.103100 ms)

========================================================================
Received Prepare
Registering precompiled user dll's ...
Registered in 0.001705 seconds.
Begin MonoManager ReloadAssembly
Native extension for WindowsStandalone target not found
Refreshing native plugins compatible for Editor in 0.36 ms, found 1 plugins.
Preloading 0 native plugins for Editor in 0.00 ms.
Invoked RoslynAnalysisRunner static constructor.
RoslynAnalysisRunner will not be running.
RoslynAnalysisRunner has terminated.
Mono: successfully reloaded assembly
- Completed reload, in  1.126 seconds
Platform modules already initialized, skipping
Refreshing native plugins compatible for Editor in 0.39 ms, found 1 plugins.
Preloading 0 native plugins for Editor in 0.00 ms.
Unloading 1806 Unused Serialized files (Serialized files now loaded: 0)
System memory in use before: 87.9 MB.
System memory in use after: 87.9 MB.

Unloading 11 unused Assets to reduce memory usage. Loaded Objects now: 2283.
Total: 2.993900 ms (FindLiveObjects: 0.234100 ms CreateObjectMapping: 0.080900 ms MarkObjects: 2.582000 ms  DeleteObjects: 0.095200 ms)

========================================================================
Received Import Request.
  Time since last request: 568.249479 seconds.
  path: Assets/Scripts/RubyController.cs
  artifactKey: Guid(c2611321ddc7eb04ebfa1c123acd1941) Importer(815301076,1909f56bfc062723c751e8b465ee728b)
Start importing Assets/Scripts/RubyController.cs using Guid(c2611321ddc7eb04ebfa1c123acd1941) Importer(815301076,1909f56bfc062723c751e8b465ee728b)  -> (artifact id: 'ed928f08f82dc482fb07bcdead235b90') in 0.027138 seconds
  Import took 0.035905 seconds .

========================================================================
Received Prepare
Registering precompiled user dll's ...
Registered in 0.001681 seconds.
Begin MonoManager ReloadAssembly
Native extension for WindowsStandalone target not found
Refreshing native plugins compatible for Editor in 0.60 ms, found 1 plugins.
Preloading 0 native plugins for Editor in 0.00 ms.
Invoked RoslynAnalysisRunner static constructor.
RoslynAnalysisRunner will not be running.
RoslynAnalysisRunner has terminated.
Mono: successfully reloaded assembly
- Completed reload, in  1.135 seconds
Platform modules already initialized, skipping
Refreshing native plugins compatible for Editor in 0.64 ms, found 1 plugins.
Preloading 0 native plugins for Editor in 0.00 ms.
Unloading 1806 Unused Serialized files (Serialized files now loaded: 0)
System memory in use before: 87.9 MB.
System memory in use after: 87.9 MB.

Unloading 11 unused Assets to reduce memory usage. Loaded Objects now: 2287.
Total: 2.720300 ms (FindLiveObjects: 0.275600 ms CreateObjectMapping: 0.311300 ms MarkObjects: 2.003700 ms  DeleteObjects: 0.127700 ms)

========================================================================
Received Prepare
Registering precompiled user dll's ...
Registered in 0.001252 seconds.
Begin MonoManager ReloadAssembly
Native extension for WindowsStandalone target not found
Refreshing native plugins compatible for Editor in 0.39 ms, found 1 plugins.
Preloading 0 native plugins for Editor in 0.00 ms.
Invoked RoslynAnalysisRunner static constructor.
RoslynAnalysisRunner will not be running.
RoslynAnalysisRunner has terminated.
Mono: successfully reloaded assembly
- Completed reload, in  1.163 seconds
Platform modules already initialized, skipping
Refreshing native plugins compatible for Editor in 0.40 ms, found 1 plugins.
Preloading 0 native plugins for Editor in 0.00 ms.
Unloading 1806 Unused Serialized files (Serialized files now loaded: 0)
System memory in use before: 87.9 MB.
System memory in use after: 87.9 MB.

Unloading 11 unused Assets to reduce memory usage. Loaded Objects now: 2291.
Total: 3.063100 ms (FindLiveObjects: 0.296500 ms CreateObjectMapping: 0.114500 ms MarkObjects: 2.515700 ms  DeleteObjects: 0.134800 ms)

========================================================================
Received Prepare
Registering precompiled user dll's ...
Registered in 0.001151 seconds.
Begin MonoManager ReloadAssembly
Native extension for WindowsStandalone target not found
Refreshing native plugins compatible for Editor in 0.69 ms, found 1 plugins.
Preloading 0 native plugins for Editor in 0.00 ms.
Invoked RoslynAnalysisRunner static constructor.
RoslynAnalysisRunner will not be running.
RoslynAnalysisRunner has terminated.
Mono: successfully reloaded assembly
- Completed reload, in  1.762 seconds
Platform modules already initialized, skipping
Refreshing native plugins compatible for Editor in 0.35 ms, found 1 plugins.
Preloading 0 native plugins for Editor in 0.00 ms.
Unloading 1806 Unused Serialized files (Serialized files now loaded: 0)
System memory in use before: 87.9 MB.
System memory in use after: 87.9 MB.

Unloading 11 unused Assets to reduce memory usage. Loaded Objects now: 2295.
Total: 7.451500 ms (FindLiveObjects: 0.645300 ms CreateObjectMapping: 0.329300 ms MarkObjects: 6.141400 ms  DeleteObjects: 0.331900 ms)

========================================================================
Received Prepare
Registering precompiled user dll's ...
Registered in 0.001696 seconds.
Begin MonoManager ReloadAssembly
Native extension for WindowsStandalone target not found
Refreshing native plugins compatible for Editor in 0.41 ms, found 1 plugins.
Preloading 0 native plugins for Editor in 0.00 ms.
Invoked RoslynAnalysisRunner static constructor.
RoslynAnalysisRunner will not be running.
RoslynAnalysisRunner has terminated.
Mono: successfully reloaded assembly
- Completed reload, in  1.181 seconds
Platform modules already initialized, skipping
Refreshing native plugins compatible for Editor in 1.83 ms, found 1 plugins.
Preloading 0 native plugins for Editor in 0.00 ms.
Unloading 1806 Unused Serialized files (Serialized files now loaded: 0)
System memory in use before: 87.9 MB.
System memory in use after: 87.9 MB.

Unloading 11 unused Assets to reduce memory usage. Loaded Objects now: 2299.
Total: 4.205900 ms (FindLiveObjects: 0.353400 ms CreateObjectMapping: 0.157300 ms MarkObjects: 3.287600 ms  DeleteObjects: 0.404000 ms)

========================================================================
Received Prepare
Registering precompiled user dll's ...
Registered in 0.001407 seconds.
Begin MonoManager ReloadAssembly
Native extension for WindowsStandalone target not found
Refreshing native plugins compatible for Editor in 0.35 ms, found 1 plugins.
Preloading 0 native plugins for Editor in 0.00 ms.
Invoked RoslynAnalysisRunner static constructor.
RoslynAnalysisRunner will not be running.
RoslynAnalysisRunner has terminated.
Mono: successfully reloaded assembly
- Completed reload, in  0.997 seconds
Platform modules already initialized, skipping
Refreshing native plugins compatible for Editor in 0.36 ms, found 1 plugins.
Preloading 0 native plugins for Editor in 0.00 ms.
Unloading 1806 Unused Serialized files (Serialized files now loaded: 0)
System memory in use before: 87.9 MB.
System memory in use after: 87.9 MB.

Unloading 11 unused Assets to reduce memory usage. Loaded Objects now: 2303.
Total: 3.020600 ms (FindLiveObjects: 0.188000 ms CreateObjectMapping: 0.083000 ms MarkObjects: 2.646400 ms  DeleteObjects: 0.102000 ms)

========================================================================
Received Import Request.
  Time since last request: 541.812126 seconds.
  path: Assets/Scripts/RubyController.cs
  artifactKey: Guid(c2611321ddc7eb04ebfa1c123acd1941) Importer(815301076,1909f56bfc062723c751e8b465ee728b)
Start importing Assets/Scripts/RubyController.cs using Guid(c2611321ddc7eb04ebfa1c123acd1941) Importer(815301076,1909f56bfc062723c751e8b465ee728b)  -> (artifact id: '86a887a9eb6312704f495ba71fe8a7fd') in 0.005432 seconds
  Import took 0.011198 seconds .

========================================================================
Received Prepare
Registering precompiled user dll's ...
Registered in 0.001653 seconds.
Begin MonoManager ReloadAssembly
Native extension for WindowsStandalone target not found
Refreshing native plugins compatible for Editor in 0.34 ms, found 1 plugins.
Preloading 0 native plugins for Editor in 0.00 ms.
Invoked RoslynAnalysisRunner static constructor.
RoslynAnalysisRunner will not be running.
RoslynAnalysisRunner has terminated.
Mono: successfully reloaded assembly
- Completed reload, in  0.966 seconds
Platform modules already initialized, skipping
Refreshing native plugins compatible for Editor in 0.64 ms, found 1 plugins.
Preloading 0 native plugins for Editor in 0.00 ms.
Unloading 1806 Unused Serialized files (Serialized files now loaded: 0)
System memory in use before: 87.9 MB.
System memory in use after: 87.9 MB.

Unloading 11 unused Assets to reduce memory usage. Loaded Objects now: 2307.
Total: 2.157000 ms (FindLiveObjects: 0.220000 ms CreateObjectMapping: 0.095000 ms MarkObjects: 1.696300 ms  DeleteObjects: 0.143800 ms)

========================================================================
Received Import Request.
  Time since last request: 106.869376 seconds.
  path: Assets/Scripts/EnemyController.cs
  artifactKey: Guid(f7565f8051e98cd48bc72f33ac6457dc) Importer(815301076,1909f56bfc062723c751e8b465ee728b)
Start importing Assets/Scripts/EnemyController.cs using Guid(f7565f8051e98cd48bc72f33ac6457dc) Importer(815301076,1909f56bfc062723c751e8b465ee728b)  -> (artifact id: '2ca4382bc2f076300cfbff45e8c5b93a') in 0.016105 seconds
  Import took 0.022564 seconds .

========================================================================
Received Prepare
Registering precompiled user dll's ...
Registered in 0.002714 seconds.
Begin MonoManager ReloadAssembly
Native extension for WindowsStandalone target not found
Refreshing native plugins compatible for Editor in 0.41 ms, found 1 plugins.
Preloading 0 native plugins for Editor in 0.00 ms.
Invoked RoslynAnalysisRunner static constructor.
RoslynAnalysisRunner will not be running.
RoslynAnalysisRunner has terminated.
Mono: successfully reloaded assembly
- Completed reload, in  1.017 seconds
Platform modules already initialized, skipping
Refreshing native plugins compatible for Editor in 0.36 ms, found 1 plugins.
Preloading 0 native plugins for Editor in 0.00 ms.
Unloading 1806 Unused Serialized files (Serialized files now loaded: 0)
System memory in use before: 87.9 MB.
System memory in use after: 88.0 MB.

Unloading 11 unused Assets to reduce memory usage. Loaded Objects now: 2311.
Total: 2.580800 ms (FindLiveObjects: 0.147300 ms CreateObjectMapping: 0.053800 ms MarkObjects: 2.246100 ms  DeleteObjects: 0.132000 ms)

========================================================================
Received Prepare
Registering precompiled user dll's ...
Registered in 0.001060 seconds.
Begin MonoManager ReloadAssembly
Native extension for WindowsStandalone target not found
Refreshing native plugins compatible for Editor in 1.00 ms, found 1 plugins.
Preloading 0 native plugins for Editor in 0.00 ms.
Invoked RoslynAnalysisRunner static constructor.
RoslynAnalysisRunner will not be running.
RoslynAnalysisRunner has terminated.
Mono: successfully reloaded assembly
- Completed reload, in  1.651 seconds
Platform modules already initialized, skipping
Refreshing native plugins compatible for Editor in 0.39 ms, found 1 plugins.
Preloading 0 native plugins for Editor in 0.00 ms.
Unloading 1806 Unused Serialized files (Serialized files now loaded: 0)
System memory in use before: 87.9 MB.
System memory in use after: 88.0 MB.

Unloading 11 unused Assets to reduce memory usage. Loaded Objects now: 2315.
Total: 2.130300 ms (FindLiveObjects: 0.163300 ms CreateObjectMapping: 0.054500 ms MarkObjects: 1.808000 ms  DeleteObjects: 0.103600 ms)

AssetImportWorkerClient::OnTransportError - code=2 error=End of file
